# JRE version: OpenJDK Runtime Environment (21.0.5) (build 21.0.5+-12932927-b750.29)
# Java VM: OpenJDK 64-Bit Server VM (21.0.5+-12932927-b750.29, mixed mode, tiered, compressed oops, compressed class ptrs, g1 gc, windows-amd64)
GC Precious Log:
 CardTable entry size: 512
 Card Set container configuration: InlinePtr #cards 5 size 8 Array Of Cards #cards 12 size 40 Howl #buckets 4 coarsen threshold 1843 Howl Bitmap #cards 512 size 80 coarsen threshold 460 Card regions per heap region 1 cards per card region 2048
 CPUs: 16 total, 16 available
 Memory: 7471M
 Large Page Support: Disabled
 NUMA Support: Disabled
 Compressed Oops: Enabled (32-bit)
 Heap Region Size: 1M
 Heap Min Capacity: 8M
 Heap Initial Capacity: 118M
 Heap Max Capacity: 2G
 Pre-touch: Disabled
 Parallel Workers: 13
 Concurrent Workers: 3
 Concurrent Refinement Workers: 13
 Periodic GC: Disabled
Heap:
 garbage-first heap   total 296960K, used 256685K [0x0000000080000000, 0x0000000100000000)
  region size 1024K, 83 young (84992K), 12 survivors (12288K)
 Metaspace       used 125647K, committed 128000K, reserved 1179648K
  class space    used 16755K, committed 17920K, reserved 1048576K
GC Heap History (20 events):
Event: 19.616 GC heap before
{Heap before GC invocations=41 (full 0):
 garbage-first heap   total 224256K, used 201959K [0x0000000080000000, 0x0000000100000000)
  region size 1024K, 54 young (55296K), 8 survivors (8192K)
 Metaspace       used 110068K, committed 112256K, reserved 1179648K
  class space    used 14955K, committed 16064K, reserved 1048576K
}
Event: 19.623 GC heap after
{Heap after GC invocations=42 (full 0):
 garbage-first heap   total 224256K, used 158703K [0x0000000080000000, 0x0000000100000000)
  region size 1024K, 5 young (5120K), 5 survivors (5120K)
 Metaspace       used 110068K, committed 112256K, reserved 1179648K
  class space    used 14955K, committed 16064K, reserved 1048576K
}
Event: 20.228 GC heap before
{Heap before GC invocations=42 (full 0):
 garbage-first heap   total 224256K, used 205807K [0x0000000080000000, 0x0000000100000000)
  region size 1024K, 51 young (52224K), 5 survivors (5120K)
 Metaspace       used 110068K, committed 112256K, reserved 1179648K
  class space    used 14955K, committed 16064K, reserved 1048576K
}
Event: 20.233 GC heap after
{Heap after GC invocations=43 (full 0):
 garbage-first heap   total 224256K, used 160842K [0x0000000080000000, 0x0000000100000000)
  region size 1024K, 4 young (4096K), 4 survivors (4096K)
 Metaspace       used 110068K, committed 112256K, reserved 1179648K
  class space    used 14955K, committed 16064K, reserved 1048576K
}
Event: 21.034 GC heap before
{Heap before GC invocations=44 (full 0):
 garbage-first heap   total 270336K, used 204874K [0x0000000080000000, 0x0000000100000000)
  region size 1024K, 47 young (48128K), 4 survivors (4096K)
 Metaspace       used 110068K, committed 112256K, reserved 1179648K
  class space    used 14955K, committed 16064K, reserved 1048576K
}
Event: 21.039 GC heap after
{Heap after GC invocations=45 (full 0):
 garbage-first heap   total 270336K, used 162140K [0x0000000080000000, 0x0000000100000000)
  region size 1024K, 4 young (4096K), 4 survivors (4096K)
 Metaspace       used 110068K, committed 112256K, reserved 1179648K
  class space    used 14955K, committed 16064K, reserved 1048576K
}
Event: 22.719 GC heap before
{Heap before GC invocations=45 (full 0):
 garbage-first heap   total 270336K, used 245084K [0x0000000080000000, 0x0000000100000000)
  region size 1024K, 85 young (87040K), 4 survivors (4096K)
 Metaspace       used 110069K, committed 112256K, reserved 1179648K
  class space    used 14955K, committed 16064K, reserved 1048576K
}
Event: 22.727 GC heap after
{Heap after GC invocations=46 (full 0):
 garbage-first heap   total 270336K, used 164259K [0x0000000080000000, 0x0000000100000000)
  region size 1024K, 8 young (8192K), 8 survivors (8192K)
 Metaspace       used 110069K, committed 112256K, reserved 1179648K
  class space    used 14955K, committed 16064K, reserved 1048576K
}
Event: 24.086 GC heap before
{Heap before GC invocations=46 (full 0):
 garbage-first heap   total 270336K, used 247203K [0x0000000080000000, 0x0000000100000000)
  region size 1024K, 89 young (91136K), 8 survivors (8192K)
 Metaspace       used 110069K, committed 112256K, reserved 1179648K
  class space    used 14955K, committed 16064K, reserved 1048576K
}
Event: 24.094 GC heap after
{Heap after GC invocations=47 (full 0):
 garbage-first heap   total 270336K, used 167700K [0x0000000080000000, 0x0000000100000000)
  region size 1024K, 10 young (10240K), 10 survivors (10240K)
 Metaspace       used 110069K, committed 112256K, reserved 1179648K
  class space    used 14955K, committed 16064K, reserved 1048576K
}
Event: 25.170 GC heap before
{Heap before GC invocations=48 (full 0):
 garbage-first heap   total 281600K, used 243476K [0x0000000080000000, 0x0000000100000000)
  region size 1024K, 84 young (86016K), 10 survivors (10240K)
 Metaspace       used 110069K, committed 112256K, reserved 1179648K
  class space    used 14955K, committed 16064K, reserved 1048576K
}
Event: 25.178 GC heap after
{Heap after GC invocations=49 (full 0):
 garbage-first heap   total 281600K, used 170454K [0x0000000080000000, 0x0000000100000000)
  region size 1024K, 9 young (9216K), 9 survivors (9216K)
 Metaspace       used 110069K, committed 112256K, reserved 1179648K
  class space    used 14955K, committed 16064K, reserved 1048576K
}
Event: 26.090 GC heap before
{Heap before GC invocations=49 (full 0):
 garbage-first heap   total 281600K, used 255446K [0x0000000080000000, 0x0000000100000000)
  region size 1024K, 92 young (94208K), 9 survivors (9216K)
 Metaspace       used 110069K, committed 112256K, reserved 1179648K
  class space    used 14955K, committed 16064K, reserved 1048576K
}
Event: 26.117 GC heap after
{Heap after GC invocations=50 (full 0):
 garbage-first heap   total 281600K, used 173311K [0x0000000080000000, 0x0000000100000000)
  region size 1024K, 9 young (9216K), 9 survivors (9216K)
 Metaspace       used 110069K, committed 112256K, reserved 1179648K
  class space    used 14955K, committed 16064K, reserved 1048576K
}
Event: 27.016 GC heap before
{Heap before GC invocations=50 (full 0):
 garbage-first heap   total 281600K, used 256255K [0x0000000080000000, 0x0000000100000000)
  region size 1024K, 90 young (92160K), 9 survivors (9216K)
 Metaspace       used 110069K, committed 112256K, reserved 1179648K
  class space    used 14955K, committed 16064K, reserved 1048576K
}
Event: 27.024 GC heap after
{Heap after GC invocations=51 (full 0):
 garbage-first heap   total 281600K, used 176468K [0x0000000080000000, 0x0000000100000000)
  region size 1024K, 10 young (10240K), 10 survivors (10240K)
 Metaspace       used 110069K, committed 112256K, reserved 1179648K
  class space    used 14955K, committed 16064K, reserved 1048576K
}
Event: 28.328 GC heap before
{Heap before GC invocations=52 (full 0):
 garbage-first heap   total 296960K, used 255316K [0x0000000080000000, 0x0000000100000000)
  region size 1024K, 86 young (88064K), 10 survivors (10240K)
 Metaspace       used 116033K, committed 118272K, reserved 1179648K
  class space    used 15725K, committed 16832K, reserved 1048576K
}
Event: 28.336 GC heap after
{Heap after GC invocations=53 (full 0):
 garbage-first heap   total 296960K, used 179709K [0x0000000080000000, 0x0000000100000000)
  region size 1024K, 9 young (9216K), 9 survivors (9216K)
 Metaspace       used 116033K, committed 118272K, reserved 1179648K
  class space    used 15725K, committed 16832K, reserved 1048576K
}
Event: 29.978 GC heap before
{Heap before GC invocations=53 (full 0):
 garbage-first heap   total 296960K, used 275965K [0x0000000080000000, 0x0000000100000000)
  region size 1024K, 98 young (100352K), 9 survivors (9216K)
 Metaspace       used 124239K, committed 126528K, reserved 1179648K
  class space    used 16590K, committed 17728K, reserved 1048576K
}
Event: 29.993 GC heap after
{Heap after GC invocations=54 (full 0):
 garbage-first heap   total 296960K, used 185005K [0x0000000080000000, 0x0000000100000000)
  region size 1024K, 12 young (12288K), 12 survivors (12288K)
 Metaspace       used 124239K, committed 126528K, reserved 1179648K
  class space    used 16590K, committed 17728K, reserved 1048576K
}

