# JRE version: OpenJDK Runtime Environment (21.0.5) (build 21.0.5+-12932927-b750.29)
# Java VM: OpenJDK 64-Bit Server VM (21.0.5+-12932927-b750.29, mixed mode, tiered, compressed oops, compressed class ptrs, g1 gc, windows-amd64)
GC Precious Log:
 CardTable entry size: 512
 Card Set container configuration: InlinePtr #cards 5 size 8 Array Of Cards #cards 12 size 40 Howl #buckets 4 coarsen threshold 1843 Howl Bitmap #cards 512 size 80 coarsen threshold 460 Card regions per heap region 1 cards per card region 2048
 CPUs: 16 total, 16 available
 Memory: 7471M
 Large Page Support: Disabled
 NUMA Support: Disabled
 Compressed Oops: Enabled (32-bit)
 Heap Region Size: 1M
 Heap Min Capacity: 8M
 Heap Initial Capacity: 118M
 Heap Max Capacity: 2G
 Pre-touch: Disabled
 Parallel Workers: 13
 Concurrent Workers: 3
 Concurrent Refinement Workers: 13
 Periodic GC: Disabled
Heap:
 garbage-first heap   total 296960K, used 206023K [0x0000000080000000, 0x0000000100000000)
  region size 1024K, 35 young (35840K), 6 survivors (6144K)
 Metaspace       used 128287K, committed 130624K, reserved 1179648K
  class space    used 17019K, committed 18240K, reserved 1048576K
GC Heap History (20 events):
Event: 7.456 GC heap before
{Heap before GC invocations=28 (full 0):
 garbage-first heap   total 186368K, used 167725K [0x0000000080000000, 0x0000000100000000)
  region size 1024K, 57 young (58368K), 8 survivors (8192K)
 Metaspace       used 91177K, committed 93120K, reserved 1179648K
  class space    used 12152K, committed 13120K, reserved 1048576K
}
Event: 7.460 GC heap after
{Heap after GC invocations=29 (full 0):
 garbage-first heap   total 186368K, used 120530K [0x0000000080000000, 0x0000000100000000)
  region size 1024K, 3 young (3072K), 3 survivors (3072K)
 Metaspace       used 91177K, committed 93120K, reserved 1179648K
  class space    used 12152K, committed 13120K, reserved 1048576K
}
Event: 7.828 GC heap before
{Heap before GC invocations=30 (full 0):
 garbage-first heap   total 201728K, used 174802K [0x0000000080000000, 0x0000000100000000)
  region size 1024K, 53 young (54272K), 3 survivors (3072K)
 Metaspace       used 93884K, committed 95872K, reserved 1179648K
  class space    used 12539K, committed 13568K, reserved 1048576K
}
Event: 7.832 GC heap after
{Heap after GC invocations=31 (full 0):
 garbage-first heap   total 201728K, used 128084K [0x0000000080000000, 0x0000000100000000)
  region size 1024K, 7 young (7168K), 7 survivors (7168K)
 Metaspace       used 93884K, committed 95872K, reserved 1179648K
  class space    used 12539K, committed 13568K, reserved 1048576K
}
Event: 8.270 GC heap before
{Heap before GC invocations=31 (full 0):
 garbage-first heap   total 201728K, used 181332K [0x0000000080000000, 0x0000000100000000)
  region size 1024K, 60 young (61440K), 7 survivors (7168K)
 Metaspace       used 99957K, committed 101952K, reserved 1179648K
  class space    used 13278K, committed 14272K, reserved 1048576K
}
Event: 8.274 GC heap after
{Heap after GC invocations=32 (full 0):
 garbage-first heap   total 201728K, used 129775K [0x0000000080000000, 0x0000000100000000)
  region size 1024K, 4 young (4096K), 4 survivors (4096K)
 Metaspace       used 99957K, committed 101952K, reserved 1179648K
  class space    used 13278K, committed 14272K, reserved 1048576K
}
Event: 8.637 GC heap before
{Heap before GC invocations=32 (full 0):
 garbage-first heap   total 201728K, used 168687K [0x0000000080000000, 0x0000000100000000)
  region size 1024K, 43 young (44032K), 4 survivors (4096K)
 Metaspace       used 107470K, committed 109504K, reserved 1179648K
  class space    used 14684K, committed 15680K, reserved 1048576K
}
Event: 8.640 GC heap after
{Heap after GC invocations=33 (full 0):
 garbage-first heap   total 201728K, used 130737K [0x0000000080000000, 0x0000000100000000)
  region size 1024K, 5 young (5120K), 5 survivors (5120K)
 Metaspace       used 107470K, committed 109504K, reserved 1179648K
  class space    used 14684K, committed 15680K, reserved 1048576K
}
Event: 8.795 GC heap before
{Heap before GC invocations=34 (full 0):
 garbage-first heap   total 230400K, used 191153K [0x0000000080000000, 0x0000000100000000)
  region size 1024K, 57 young (58368K), 5 survivors (5120K)
 Metaspace       used 107782K, committed 109824K, reserved 1179648K
  class space    used 14693K, committed 15680K, reserved 1048576K
}
Event: 8.804 GC heap after
{Heap after GC invocations=35 (full 0):
 garbage-first heap   total 230400K, used 146027K [0x0000000080000000, 0x0000000100000000)
  region size 1024K, 8 young (8192K), 8 survivors (8192K)
 Metaspace       used 107782K, committed 109824K, reserved 1179648K
  class space    used 14693K, committed 15680K, reserved 1048576K
}
Event: 9.048 GC heap before
{Heap before GC invocations=35 (full 0):
 garbage-first heap   total 230400K, used 203371K [0x0000000080000000, 0x0000000100000000)
  region size 1024K, 64 young (65536K), 8 survivors (8192K)
 Metaspace       used 109889K, committed 111872K, reserved 1179648K
  class space    used 14954K, committed 15936K, reserved 1048576K
}
Event: 9.058 GC heap after
{Heap after GC invocations=36 (full 0):
 garbage-first heap   total 230400K, used 157613K [0x0000000080000000, 0x0000000100000000)
  region size 1024K, 8 young (8192K), 8 survivors (8192K)
 Metaspace       used 109889K, committed 111872K, reserved 1179648K
  class space    used 14954K, committed 15936K, reserved 1048576K
}
Event: 9.171 GC heap before
{Heap before GC invocations=36 (full 0):
 garbage-first heap   total 230400K, used 171949K [0x0000000080000000, 0x0000000100000000)
  region size 1024K, 23 young (23552K), 8 survivors (8192K)
 Metaspace       used 112054K, committed 114048K, reserved 1179648K
  class space    used 15187K, committed 16192K, reserved 1048576K
}
Event: 9.175 GC heap after
{Heap after GC invocations=37 (full 0):
 garbage-first heap   total 230400K, used 160293K [0x0000000080000000, 0x0000000100000000)
  region size 1024K, 2 young (2048K), 2 survivors (2048K)
 Metaspace       used 112054K, committed 114048K, reserved 1179648K
  class space    used 15187K, committed 16192K, reserved 1048576K
}
Event: 9.595 GC heap before
{Heap before GC invocations=38 (full 0):
 garbage-first heap   total 280576K, used 216613K [0x0000000080000000, 0x0000000100000000)
  region size 1024K, 50 young (51200K), 2 survivors (2048K)
 Metaspace       used 116321K, committed 118336K, reserved 1179648K
  class space    used 15583K, committed 16576K, reserved 1048576K
}
Event: 9.598 GC heap after
{Heap after GC invocations=39 (full 0):
 garbage-first heap   total 280576K, used 172061K [0x0000000080000000, 0x0000000100000000)
  region size 1024K, 7 young (7168K), 7 survivors (7168K)
 Metaspace       used 116321K, committed 118336K, reserved 1179648K
  class space    used 15583K, committed 16576K, reserved 1048576K
}
Event: 11.112 GC heap before
{Heap before GC invocations=39 (full 0):
 garbage-first heap   total 280576K, used 243741K [0x0000000080000000, 0x0000000100000000)
  region size 1024K, 77 young (78848K), 7 survivors (7168K)
 Metaspace       used 125199K, committed 127616K, reserved 1179648K
  class space    used 16622K, committed 17856K, reserved 1048576K
}
Event: 11.117 GC heap after
{Heap after GC invocations=40 (full 0):
 garbage-first heap   total 280576K, used 175293K [0x0000000080000000, 0x0000000100000000)
  region size 1024K, 10 young (10240K), 10 survivors (10240K)
 Metaspace       used 125199K, committed 127616K, reserved 1179648K
  class space    used 16622K, committed 17856K, reserved 1048576K
}
Event: 11.321 GC heap before
{Heap before GC invocations=40 (full 0):
 garbage-first heap   total 280576K, used 191677K [0x0000000080000000, 0x0000000100000000)
  region size 1024K, 27 young (27648K), 10 survivors (10240K)
 Metaspace       used 127725K, committed 130112K, reserved 1179648K
  class space    used 16945K, committed 18176K, reserved 1048576K
}
Event: 11.325 GC heap after
{Heap after GC invocations=41 (full 0):
 garbage-first heap   total 280576K, used 176327K [0x0000000080000000, 0x0000000100000000)
  region size 1024K, 6 young (6144K), 6 survivors (6144K)
 Metaspace       used 127725K, committed 130112K, reserved 1179648K
  class space    used 16945K, committed 18176K, reserved 1048576K
}

