# JRE version: OpenJDK Runtime Environment (21.0.5) (build 21.0.5+-12932927-b750.29)
# Java VM: OpenJDK 64-Bit Server VM (21.0.5+-12932927-b750.29, mixed mode, tiered, compressed oops, compressed class ptrs, g1 gc, windows-amd64)
GC Precious Log:
 CardTable entry size: 512
 Card Set container configuration: InlinePtr #cards 5 size 8 Array Of Cards #cards 12 size 40 Howl #buckets 4 coarsen threshold 1843 Howl Bitmap #cards 512 size 80 coarsen threshold 460 Card regions per heap region 1 cards per card region 2048
 CPUs: 16 total, 16 available
 Memory: 7471M
 Large Page Support: Disabled
 NUMA Support: Disabled
 Compressed Oops: Enabled (32-bit)
 Heap Region Size: 1M
 Heap Min Capacity: 8M
 Heap Initial Capacity: 118M
 Heap Max Capacity: 512M
 Pre-touch: Disabled
 Parallel Workers: 13
 Concurrent Workers: 3
 Concurrent Refinement Workers: 13
 Periodic GC: Disabled
Heap:
 garbage-first heap   total 184320K, used 131402K [0x00000000e0000000, 0x0000000100000000)
  region size 1024K, 23 young (23552K), 1 survivors (1024K)
 Metaspace       used 80430K, committed 82240K, reserved 1179648K
  class space    used 10782K, committed 11712K, reserved 1048576K
GC Heap History (20 events):
Event: 4.746 GC heap before
{Heap before GC invocations=19 (full 0):
 garbage-first heap   total 114688K, used 102318K [0x00000000e0000000, 0x0000000100000000)
  region size 1024K, 26 young (26624K), 1 survivors (1024K)
 Metaspace       used 62984K, committed 64576K, reserved 1114112K
  class space    used 8420K, committed 9216K, reserved 1048576K
}
Event: 4.748 GC heap after
{Heap after GC invocations=20 (full 0):
 garbage-first heap   total 114688K, used 77420K [0x00000000e0000000, 0x0000000100000000)
  region size 1024K, 2 young (2048K), 2 survivors (2048K)
 Metaspace       used 62984K, committed 64576K, reserved 1114112K
  class space    used 8420K, committed 9216K, reserved 1048576K
}
Event: 5.002 GC heap before
{Heap before GC invocations=21 (full 0):
 garbage-first heap   total 130048K, used 103020K [0x00000000e0000000, 0x0000000100000000)
  region size 1024K, 28 young (28672K), 2 survivors (2048K)
 Metaspace       used 66641K, committed 68288K, reserved 1114112K
  class space    used 8980K, committed 9792K, reserved 1048576K
}
Event: 5.004 GC heap after
{Heap after GC invocations=22 (full 0):
 garbage-first heap   total 130048K, used 79250K [0x00000000e0000000, 0x0000000100000000)
  region size 1024K, 4 young (4096K), 4 survivors (4096K)
 Metaspace       used 66641K, committed 68288K, reserved 1114112K
  class space    used 8980K, committed 9792K, reserved 1048576K
}
Event: 5.346 GC heap before
{Heap before GC invocations=22 (full 0):
 garbage-first heap   total 130048K, used 114066K [0x00000000e0000000, 0x0000000100000000)
  region size 1024K, 39 young (39936K), 4 survivors (4096K)
 Metaspace       used 70294K, committed 72064K, reserved 1114112K
  class space    used 9578K, committed 10432K, reserved 1048576K
}
Event: 5.350 GC heap after
{Heap after GC invocations=23 (full 0):
 garbage-first heap   total 130048K, used 80611K [0x00000000e0000000, 0x0000000100000000)
  region size 1024K, 5 young (5120K), 5 survivors (5120K)
 Metaspace       used 70294K, committed 72064K, reserved 1114112K
  class space    used 9578K, committed 10432K, reserved 1048576K
}
Event: 5.743 GC heap before
{Heap before GC invocations=23 (full 0):
 garbage-first heap   total 130048K, used 115427K [0x00000000e0000000, 0x0000000100000000)
  region size 1024K, 40 young (40960K), 5 survivors (5120K)
 Metaspace       used 72441K, committed 74176K, reserved 1114112K
  class space    used 9824K, committed 10688K, reserved 1048576K
}
Event: 5.747 GC heap after
{Heap after GC invocations=24 (full 0):
 garbage-first heap   total 130048K, used 85163K [0x00000000e0000000, 0x0000000100000000)
  region size 1024K, 5 young (5120K), 5 survivors (5120K)
 Metaspace       used 72441K, committed 74176K, reserved 1114112K
  class space    used 9824K, committed 10688K, reserved 1048576K
}
Event: 5.839 GC heap before
{Heap before GC invocations=25 (full 0):
 garbage-first heap   total 143360K, used 115883K [0x00000000e0000000, 0x0000000100000000)
  region size 1024K, 36 young (36864K), 5 survivors (5120K)
 Metaspace       used 72697K, committed 74496K, reserved 1114112K
  class space    used 9825K, committed 10688K, reserved 1048576K
}
Event: 5.842 GC heap after
{Heap after GC invocations=26 (full 0):
 garbage-first heap   total 143360K, used 87183K [0x00000000e0000000, 0x0000000100000000)
  region size 1024K, 4 young (4096K), 4 survivors (4096K)
 Metaspace       used 72697K, committed 74496K, reserved 1114112K
  class space    used 9825K, committed 10688K, reserved 1048576K
}
Event: 5.905 GC heap before
{Heap before GC invocations=26 (full 0):
 garbage-first heap   total 143360K, used 126095K [0x00000000e0000000, 0x0000000100000000)
  region size 1024K, 43 young (44032K), 4 survivors (4096K)
 Metaspace       used 72816K, committed 74560K, reserved 1114112K
  class space    used 9825K, committed 10688K, reserved 1048576K
}
Event: 5.908 GC heap after
{Heap after GC invocations=27 (full 0):
 garbage-first heap   total 143360K, used 87076K [0x00000000e0000000, 0x0000000100000000)
  region size 1024K, 5 young (5120K), 5 survivors (5120K)
 Metaspace       used 72816K, committed 74560K, reserved 1114112K
  class space    used 9825K, committed 10688K, reserved 1048576K
}
Event: 5.965 GC heap before
{Heap before GC invocations=27 (full 0):
 garbage-first heap   total 143360K, used 127012K [0x00000000e0000000, 0x0000000100000000)
  region size 1024K, 45 young (46080K), 5 survivors (5120K)
 Metaspace       used 72842K, committed 74560K, reserved 1114112K
  class space    used 9825K, committed 10688K, reserved 1048576K
}
Event: 5.968 GC heap after
{Heap after GC invocations=28 (full 0):
 garbage-first heap   total 143360K, used 88016K [0x00000000e0000000, 0x0000000100000000)
  region size 1024K, 4 young (4096K), 4 survivors (4096K)
 Metaspace       used 72842K, committed 74560K, reserved 1114112K
  class space    used 9825K, committed 10688K, reserved 1048576K
}
Event: 6.145 GC heap before
{Heap before GC invocations=29 (full 0):
 garbage-first heap   total 147456K, used 137168K [0x00000000e0000000, 0x0000000100000000)
  region size 1024K, 45 young (46080K), 4 survivors (4096K)
 Metaspace       used 73081K, committed 74880K, reserved 1114112K
  class space    used 9857K, committed 10752K, reserved 1048576K
}
Event: 6.147 GC heap after
{Heap after GC invocations=30 (full 0):
 garbage-first heap   total 147456K, used 100093K [0x00000000e0000000, 0x0000000100000000)
  region size 1024K, 6 young (6144K), 6 survivors (6144K)
 Metaspace       used 73081K, committed 74880K, reserved 1114112K
  class space    used 9857K, committed 10752K, reserved 1048576K
}
Event: 6.429 GC heap before
{Heap before GC invocations=30 (full 0):
 garbage-first heap   total 147456K, used 137981K [0x00000000e0000000, 0x0000000100000000)
  region size 1024K, 38 young (38912K), 6 survivors (6144K)
 Metaspace       used 75274K, committed 77056K, reserved 1179648K
  class space    used 10129K, committed 11008K, reserved 1048576K
}
Event: 6.432 GC heap after
{Heap after GC invocations=31 (full 0):
 garbage-first heap   total 151552K, used 109214K [0x00000000e0000000, 0x0000000100000000)
  region size 1024K, 5 young (5120K), 5 survivors (5120K)
 Metaspace       used 75274K, committed 77056K, reserved 1179648K
  class space    used 10129K, committed 11008K, reserved 1048576K
}
Event: 6.655 GC heap before
{Heap before GC invocations=31 (full 0):
 garbage-first heap   total 151552K, used 136862K [0x00000000e0000000, 0x0000000100000000)
  region size 1024K, 33 young (33792K), 5 survivors (5120K)
 Metaspace       used 77996K, committed 79808K, reserved 1179648K
  class space    used 10412K, committed 11328K, reserved 1048576K
}
Event: 6.657 GC heap after
{Heap after GC invocations=32 (full 0):
 garbage-first heap   total 151552K, used 109898K [0x00000000e0000000, 0x0000000100000000)
  region size 1024K, 1 young (1024K), 1 survivors (1024K)
 Metaspace       used 77996K, committed 79808K, reserved 1179648K
  class space    used 10412K, committed 11328K, reserved 1048576K
}

