# JRE version: OpenJDK Runtime Environment (17.0.2+8) (build 17.0.2+8-86)
# Java VM: OpenJDK 64-Bit Server VM (17.0.2+8-86, mixed mode, sharing, tiered, compressed oops, compressed class ptrs, g1 gc, windows-amd64)
GC Precious Log:
 CPUs: 16 total, 16 available
 Memory: 7471M
 Large Page Support: Disabled
 NUMA Support: Disabled
 Compressed Oops: Enabled (32-bit)
 Heap Region Size: 1M
 Heap Min Capacity: 8M
 Heap Initial Capacity: 118M
 Heap Max Capacity: 768M
 Pre-touch: Disabled
 Parallel Workers: 13
 Concurrent Workers: 3
 Concurrent Refinement Workers: 13
 Periodic GC: Disabled
Heap:
 garbage-first heap   total 227328K, used 169798K [0x00000000d0000000, 0x0000000100000000)
  region size 1024K, 38 young (38912K), 6 survivors (6144K)
 Metaspace       used 101709K, committed 102592K, reserved 1138688K
  class space    used 13896K, committed 14336K, reserved 1048576K
GC Heap History (20 events):
Event: 10.874 GC heap before
{Heap before GC invocations=55 (full 0):
 garbage-first heap   total 163840K, used 138173K [0x00000000d0000000, 0x0000000100000000)
  region size 1024K, 40 young (40960K), 3 survivors (3072K)
 Metaspace       used 93960K, committed 94848K, reserved 1130496K
  class space    used 13132K, committed 13568K, reserved 1048576K
}
Event: 10.878 GC heap after
{Heap after GC invocations=56 (full 0):
 garbage-first heap   total 163840K, used 103914K [0x00000000d0000000, 0x0000000100000000)
  region size 1024K, 5 young (5120K), 5 survivors (5120K)
 Metaspace       used 93960K, committed 94848K, reserved 1130496K
  class space    used 13132K, committed 13568K, reserved 1048576K
}
Event: 11.126 GC heap before
{Heap before GC invocations=57 (full 0):
 garbage-first heap   total 179200K, used 137706K [0x00000000d0000000, 0x0000000100000000)
  region size 1024K, 39 young (39936K), 5 survivors (5120K)
 Metaspace       used 95223K, committed 96064K, reserved 1138688K
  class space    used 13315K, committed 13760K, reserved 1048576K
}
Event: 11.131 GC heap after
{Heap after GC invocations=58 (full 0):
 garbage-first heap   total 179200K, used 108953K [0x00000000d0000000, 0x0000000100000000)
  region size 1024K, 5 young (5120K), 5 survivors (5120K)
 Metaspace       used 95223K, committed 96064K, reserved 1138688K
  class space    used 13315K, committed 13760K, reserved 1048576K
}
Event: 11.144 GC heap before
{Heap before GC invocations=58 (full 0):
 garbage-first heap   total 179200K, used 112025K [0x00000000d0000000, 0x0000000100000000)
  region size 1024K, 8 young (8192K), 5 survivors (5120K)
 Metaspace       used 95223K, committed 96064K, reserved 1138688K
  class space    used 13315K, committed 13760K, reserved 1048576K
}
Event: 11.147 GC heap after
{Heap after GC invocations=59 (full 0):
 garbage-first heap   total 179200K, used 108906K [0x00000000d0000000, 0x0000000100000000)
  region size 1024K, 1 young (1024K), 1 survivors (1024K)
 Metaspace       used 95223K, committed 96064K, reserved 1138688K
  class space    used 13315K, committed 13760K, reserved 1048576K
}
Event: 11.376 GC heap before
{Heap before GC invocations=59 (full 0):
 garbage-first heap   total 179200K, used 152938K [0x00000000d0000000, 0x0000000100000000)
  region size 1024K, 40 young (40960K), 1 survivors (1024K)
 Metaspace       used 96473K, committed 97344K, reserved 1138688K
  class space    used 13416K, committed 13888K, reserved 1048576K
}
Event: 11.378 GC heap after
{Heap after GC invocations=60 (full 0):
 garbage-first heap   total 179200K, used 111176K [0x00000000d0000000, 0x0000000100000000)
  region size 1024K, 4 young (4096K), 4 survivors (4096K)
 Metaspace       used 96473K, committed 97344K, reserved 1138688K
  class space    used 13416K, committed 13888K, reserved 1048576K
}
Event: 11.779 GC heap before
{Heap before GC invocations=60 (full 0):
 garbage-first heap   total 179200K, used 147016K [0x00000000d0000000, 0x0000000100000000)
  region size 1024K, 40 young (40960K), 4 survivors (4096K)
 Metaspace       used 98562K, committed 99456K, reserved 1138688K
  class space    used 13645K, committed 14080K, reserved 1048576K
}
Event: 11.783 GC heap after
{Heap after GC invocations=61 (full 0):
 garbage-first heap   total 179200K, used 114512K [0x00000000d0000000, 0x0000000100000000)
  region size 1024K, 5 young (5120K), 5 survivors (5120K)
 Metaspace       used 98562K, committed 99456K, reserved 1138688K
  class space    used 13645K, committed 14080K, reserved 1048576K
}
Event: 12.145 GC heap before
{Heap before GC invocations=61 (full 0):
 garbage-first heap   total 179200K, used 147280K [0x00000000d0000000, 0x0000000100000000)
  region size 1024K, 38 young (38912K), 5 survivors (5120K)
 Metaspace       used 98802K, committed 99712K, reserved 1138688K
  class space    used 13647K, committed 14080K, reserved 1048576K
}
Event: 12.150 GC heap after
{Heap after GC invocations=62 (full 0):
 garbage-first heap   total 179200K, used 123831K [0x00000000d0000000, 0x0000000100000000)
  region size 1024K, 5 young (5120K), 5 survivors (5120K)
 Metaspace       used 98802K, committed 99712K, reserved 1138688K
  class space    used 13647K, committed 14080K, reserved 1048576K
}
Event: 12.343 GC heap before
{Heap before GC invocations=62 (full 0):
 garbage-first heap   total 179200K, used 146359K [0x00000000d0000000, 0x0000000100000000)
  region size 1024K, 28 young (28672K), 5 survivors (5120K)
 Metaspace       used 99048K, committed 99840K, reserved 1138688K
  class space    used 13670K, committed 14080K, reserved 1048576K
}
Event: 12.349 GC heap after
{Heap after GC invocations=63 (full 0):
 garbage-first heap   total 179200K, used 131726K [0x00000000d0000000, 0x0000000100000000)
  region size 1024K, 4 young (4096K), 4 survivors (4096K)
 Metaspace       used 99048K, committed 99840K, reserved 1138688K
  class space    used 13670K, committed 14080K, reserved 1048576K
}
Event: 13.540 GC heap before
{Heap before GC invocations=64 (full 0):
 garbage-first heap   total 227328K, used 147086K [0x00000000d0000000, 0x0000000100000000)
  region size 1024K, 20 young (20480K), 4 survivors (4096K)
 Metaspace       used 99318K, committed 100160K, reserved 1138688K
  class space    used 13693K, committed 14080K, reserved 1048576K
}
Event: 13.544 GC heap after
{Heap after GC invocations=65 (full 0):
 garbage-first heap   total 227328K, used 134458K [0x00000000d0000000, 0x0000000100000000)
  region size 1024K, 3 young (3072K), 3 survivors (3072K)
 Metaspace       used 99318K, committed 100160K, reserved 1138688K
  class space    used 13693K, committed 14080K, reserved 1048576K
}
Event: 13.630 GC heap before
{Heap before GC invocations=65 (full 0):
 garbage-first heap   total 227328K, used 141626K [0x00000000d0000000, 0x0000000100000000)
  region size 1024K, 11 young (11264K), 3 survivors (3072K)
 Metaspace       used 99343K, committed 100160K, reserved 1138688K
  class space    used 13693K, committed 14080K, reserved 1048576K
}
Event: 13.633 GC heap after
{Heap after GC invocations=66 (full 0):
 garbage-first heap   total 227328K, used 134471K [0x00000000d0000000, 0x0000000100000000)
  region size 1024K, 2 young (2048K), 2 survivors (2048K)
 Metaspace       used 99343K, committed 100160K, reserved 1138688K
  class space    used 13693K, committed 14080K, reserved 1048576K
}
Event: 13.933 GC heap before
{Heap before GC invocations=66 (full 0):
 garbage-first heap   total 227328K, used 193863K [0x00000000d0000000, 0x0000000100000000)
  region size 1024K, 45 young (46080K), 2 survivors (2048K)
 Metaspace       used 99793K, committed 100672K, reserved 1138688K
  class space    used 13732K, committed 14144K, reserved 1048576K
}
Event: 13.937 GC heap after
{Heap after GC invocations=67 (full 0):
 garbage-first heap   total 227328K, used 139078K [0x00000000d0000000, 0x0000000100000000)
  region size 1024K, 6 young (6144K), 6 survivors (6144K)
 Metaspace       used 99793K, committed 100672K, reserved 1138688K
  class space    used 13732K, committed 14144K, reserved 1048576K
}

