# JRE version: OpenJDK Runtime Environment (21.0.5) (build 21.0.5+-12932927-b750.29)
# Java VM: OpenJDK 64-Bit Server VM (21.0.5+-12932927-b750.29, mixed mode, tiered, compressed oops, compressed class ptrs, g1 gc, windows-amd64)
GC Precious Log:
 CardTable entry size: 512
 Card Set container configuration: InlinePtr #cards 5 size 8 Array Of Cards #cards 12 size 40 Howl #buckets 4 coarsen threshold 1843 Howl Bitmap #cards 512 size 80 coarsen threshold 460 Card regions per heap region 1 cards per card region 2048
 CPUs: 16 total, 16 available
 Memory: 7471M
 Large Page Support: Disabled
 NUMA Support: Disabled
 Compressed Oops: Enabled (32-bit)
 Heap Region Size: 1M
 Heap Min Capacity: 8M
 Heap Initial Capacity: 118M
 Heap Max Capacity: 1868M
 Pre-touch: Disabled
 Parallel Workers: 13
 Concurrent Workers: 3
 Concurrent Refinement Workers: 13
 Periodic GC: Disabled
Heap:
 garbage-first heap   total 45056K, used 26546K [0x000000008b400000, 0x0000000100000000)
  region size 1024K, 11 young (11264K), 2 survivors (2048K)
 Metaspace       used 43570K, committed 43840K, reserved 1114112K
  class space    used 5083K, committed 5184K, reserved 1048576K
GC Heap History (18 events):
Event: 1.458 GC heap before
{Heap before GC invocations=0 (full 0):
 garbage-first heap   total 120832K, used 26624K [0x000000008b400000, 0x0000000100000000)
  region size 1024K, 23 young (23552K), 0 survivors (0K)
 Metaspace       used 14372K, committed 14528K, reserved 1114112K
  class space    used 1394K, committed 1472K, reserved 1048576K
}
Event: 1.461 GC heap after
{Heap after GC invocations=1 (full 0):
 garbage-first heap   total 120832K, used 6043K [0x000000008b400000, 0x0000000100000000)
  region size 1024K, 3 young (3072K), 3 survivors (3072K)
 Metaspace       used 14372K, committed 14528K, reserved 1114112K
  class space    used 1394K, committed 1472K, reserved 1048576K
}
Event: 1.765 GC heap before
{Heap before GC invocations=1 (full 0):
 garbage-first heap   total 120832K, used 27547K [0x000000008b400000, 0x0000000100000000)
  region size 1024K, 25 young (25600K), 3 survivors (3072K)
 Metaspace       used 21302K, committed 21504K, reserved 1114112K
  class space    used 2183K, committed 2304K, reserved 1048576K
}
Event: 1.768 GC heap after
{Heap after GC invocations=2 (full 0):
 garbage-first heap   total 120832K, used 7346K [0x000000008b400000, 0x0000000100000000)
  region size 1024K, 2 young (2048K), 2 survivors (2048K)
 Metaspace       used 21302K, committed 21504K, reserved 1114112K
  class space    used 2183K, committed 2304K, reserved 1048576K
}
Event: 1.944 GC heap before
{Heap before GC invocations=3 (full 0):
 garbage-first heap   total 27648K, used 26802K [0x000000008b400000, 0x0000000100000000)
  region size 1024K, 21 young (21504K), 2 survivors (2048K)
 Metaspace       used 23104K, committed 23360K, reserved 1114112K
  class space    used 2466K, committed 2560K, reserved 1048576K
}
Event: 1.950 GC heap after
{Heap after GC invocations=4 (full 0):
 garbage-first heap   total 36864K, used 14421K [0x000000008b400000, 0x0000000100000000)
  region size 1024K, 8 young (8192K), 8 survivors (8192K)
 Metaspace       used 23104K, committed 23360K, reserved 1114112K
  class space    used 2466K, committed 2560K, reserved 1048576K
}
Event: 2.072 GC heap before
{Heap before GC invocations=4 (full 0):
 garbage-first heap   total 36864K, used 24661K [0x000000008b400000, 0x0000000100000000)
  region size 1024K, 18 young (18432K), 8 survivors (8192K)
 Metaspace       used 25643K, committed 25920K, reserved 1114112K
  class space    used 2715K, committed 2816K, reserved 1048576K
}
Event: 2.077 GC heap after
{Heap after GC invocations=5 (full 0):
 garbage-first heap   total 36864K, used 15829K [0x000000008b400000, 0x0000000100000000)
  region size 1024K, 1 young (1024K), 1 survivors (1024K)
 Metaspace       used 25643K, committed 25920K, reserved 1114112K
  class space    used 2715K, committed 2816K, reserved 1048576K
}
Event: 2.282 GC heap before
{Heap before GC invocations=5 (full 0):
 garbage-first heap   total 36864K, used 29141K [0x000000008b400000, 0x0000000100000000)
  region size 1024K, 14 young (14336K), 1 survivors (1024K)
 Metaspace       used 30023K, committed 30272K, reserved 1114112K
  class space    used 3675K, committed 3776K, reserved 1048576K
}
Event: 2.284 GC heap after
{Heap after GC invocations=6 (full 0):
 garbage-first heap   total 36864K, used 16449K [0x000000008b400000, 0x0000000100000000)
  region size 1024K, 2 young (2048K), 2 survivors (2048K)
 Metaspace       used 30023K, committed 30272K, reserved 1114112K
  class space    used 3675K, committed 3776K, reserved 1048576K
}
Event: 2.439 GC heap before
{Heap before GC invocations=6 (full 0):
 garbage-first heap   total 36864K, used 28737K [0x000000008b400000, 0x0000000100000000)
  region size 1024K, 15 young (15360K), 2 survivors (2048K)
 Metaspace       used 32892K, committed 33152K, reserved 1114112K
  class space    used 3978K, committed 4096K, reserved 1048576K
}
Event: 2.442 GC heap after
{Heap after GC invocations=7 (full 0):
 garbage-first heap   total 36864K, used 17665K [0x000000008b400000, 0x0000000100000000)
  region size 1024K, 2 young (2048K), 2 survivors (2048K)
 Metaspace       used 32892K, committed 33152K, reserved 1114112K
  class space    used 3978K, committed 4096K, reserved 1048576K
}
Event: 2.551 GC heap before
{Heap before GC invocations=7 (full 0):
 garbage-first heap   total 36864K, used 27905K [0x000000008b400000, 0x0000000100000000)
  region size 1024K, 14 young (14336K), 2 survivors (2048K)
 Metaspace       used 35726K, committed 35968K, reserved 1114112K
  class space    used 4273K, committed 4416K, reserved 1048576K
}
Event: 2.553 GC heap after
{Heap after GC invocations=8 (full 0):
 garbage-first heap   total 36864K, used 18525K [0x000000008b400000, 0x0000000100000000)
  region size 1024K, 1 young (1024K), 1 survivors (1024K)
 Metaspace       used 35726K, committed 35968K, reserved 1114112K
  class space    used 4273K, committed 4416K, reserved 1048576K
}
Event: 2.746 GC heap before
{Heap before GC invocations=9 (full 0):
 garbage-first heap   total 36864K, used 29789K [0x000000008b400000, 0x0000000100000000)
  region size 1024K, 13 young (13312K), 1 survivors (1024K)
 Metaspace       used 39287K, committed 39488K, reserved 1114112K
  class space    used 4628K, committed 4736K, reserved 1048576K
}
Event: 2.748 GC heap after
{Heap after GC invocations=10 (full 0):
 garbage-first heap   total 36864K, used 18597K [0x000000008b400000, 0x0000000100000000)
  region size 1024K, 1 young (1024K), 1 survivors (1024K)
 Metaspace       used 39287K, committed 39488K, reserved 1114112K
  class space    used 4628K, committed 4736K, reserved 1048576K
}
Event: 2.895 GC heap before
{Heap before GC invocations=10 (full 0):
 garbage-first heap   total 36864K, used 30885K [0x000000008b400000, 0x0000000100000000)
  region size 1024K, 14 young (14336K), 1 survivors (1024K)
 Metaspace       used 42104K, committed 42368K, reserved 1114112K
  class space    used 4928K, committed 5056K, reserved 1048576K
}
Event: 2.898 GC heap after
{Heap after GC invocations=11 (full 0):
 garbage-first heap   total 45056K, used 19378K [0x000000008b400000, 0x0000000100000000)
  region size 1024K, 2 young (2048K), 2 survivors (2048K)
 Metaspace       used 42104K, committed 42368K, reserved 1114112K
  class space    used 4928K, committed 5056K, reserved 1048576K
}

