# JRE version: OpenJDK Runtime Environment (21.0.5) (build 21.0.5+-12932927-b750.29)
# Java VM: OpenJDK 64-Bit Server VM (21.0.5+-12932927-b750.29, mixed mode, tiered, compressed oops, compressed class ptrs, g1 gc, windows-amd64)
GC Precious Log:
 CardTable entry size: 512
 Card Set container configuration: InlinePtr #cards 5 size 8 Array Of Cards #cards 12 size 40 Howl #buckets 4 coarsen threshold 1843 Howl Bitmap #cards 512 size 80 coarsen threshold 460 Card regions per heap region 1 cards per card region 2048
 CPUs: 16 total, 16 available
 Memory: 7471M
 Large Page Support: Disabled
 NUMA Support: Disabled
 Compressed Oops: Enabled (32-bit)
 Heap Region Size: 1M
 Heap Min Capacity: 8M
 Heap Initial Capacity: 118M
 Heap Max Capacity: 2G
 Pre-touch: Disabled
 Parallel Workers: 13
 Concurrent Workers: 3
 Concurrent Refinement Workers: 13
 Periodic GC: Disabled
Heap:
 garbage-first heap   total 189440K, used 139737K [0x0000000080000000, 0x0000000100000000)
  region size 1024K, 34 young (34816K), 5 survivors (5120K)
 Metaspace       used 114734K, committed 116864K, reserved 1179648K
  class space    used 15642K, committed 16704K, reserved 1048576K
GC Heap History (20 events):
Event: 7.180 GC heap before
{Heap before GC invocations=25 (full 0):
 garbage-first heap   total 158720K, used 85437K [0x0000000080000000, 0x0000000100000000)
  region size 1024K, 8 young (8192K), 3 survivors (3072K)
 Metaspace       used 87246K, committed 89088K, reserved 1179648K
  class space    used 11661K, committed 12608K, reserved 1048576K
}
Event: 7.182 GC heap after
{Heap after GC invocations=26 (full 0):
 garbage-first heap   total 158720K, used 81424K [0x0000000080000000, 0x0000000100000000)
  region size 1024K, 3 young (3072K), 3 survivors (3072K)
 Metaspace       used 87246K, committed 89088K, reserved 1179648K
  class space    used 11661K, committed 12608K, reserved 1048576K
}
Event: 7.573 GC heap before
{Heap before GC invocations=27 (full 0):
 garbage-first heap   total 158720K, used 145936K [0x0000000080000000, 0x0000000100000000)
  region size 1024K, 63 young (64512K), 3 survivors (3072K)
 Metaspace       used 89994K, committed 91840K, reserved 1179648K
  class space    used 12029K, committed 12992K, reserved 1048576K
}
Event: 7.577 GC heap after
{Heap after GC invocations=28 (full 0):
 garbage-first heap   total 158720K, used 89355K [0x0000000080000000, 0x0000000100000000)
  region size 1024K, 8 young (8192K), 8 survivors (8192K)
 Metaspace       used 89994K, committed 91840K, reserved 1179648K
  class space    used 12029K, committed 12992K, reserved 1048576K
}
Event: 7.953 GC heap before
{Heap before GC invocations=28 (full 0):
 garbage-first heap   total 158720K, used 141579K [0x0000000080000000, 0x0000000100000000)
  region size 1024K, 58 young (59392K), 8 survivors (8192K)
 Metaspace       used 93841K, committed 95744K, reserved 1179648K
  class space    used 12660K, committed 13632K, reserved 1048576K
}
Event: 7.957 GC heap after
{Heap after GC invocations=29 (full 0):
 garbage-first heap   total 158720K, used 91766K [0x0000000080000000, 0x0000000100000000)
  region size 1024K, 3 young (3072K), 3 survivors (3072K)
 Metaspace       used 93841K, committed 95744K, reserved 1179648K
  class space    used 12660K, committed 13632K, reserved 1048576K
}
Event: 8.340 GC heap before
{Heap before GC invocations=29 (full 0):
 garbage-first heap   total 158720K, used 146038K [0x0000000080000000, 0x0000000100000000)
  region size 1024K, 56 young (57344K), 3 survivors (3072K)
 Metaspace       used 97898K, committed 99904K, reserved 1179648K
  class space    used 13302K, committed 14336K, reserved 1048576K
}
Event: 8.343 GC heap after
{Heap after GC invocations=30 (full 0):
 garbage-first heap   total 158720K, used 93449K [0x0000000080000000, 0x0000000100000000)
  region size 1024K, 5 young (5120K), 5 survivors (5120K)
 Metaspace       used 97898K, committed 99904K, reserved 1179648K
  class space    used 13302K, committed 14336K, reserved 1048576K
}
Event: 8.795 GC heap before
{Heap before GC invocations=31 (full 0):
 garbage-first heap   total 158720K, used 143625K [0x0000000080000000, 0x0000000100000000)
  region size 1024K, 54 young (55296K), 5 survivors (5120K)
 Metaspace       used 101413K, committed 103488K, reserved 1179648K
  class space    used 13810K, committed 14848K, reserved 1048576K
}
Event: 8.800 GC heap after
{Heap after GC invocations=32 (full 0):
 garbage-first heap   total 158720K, used 97464K [0x0000000080000000, 0x0000000100000000)
  region size 1024K, 7 young (7168K), 7 survivors (7168K)
 Metaspace       used 101413K, committed 103488K, reserved 1179648K
  class space    used 13810K, committed 14848K, reserved 1048576K
}
Event: 9.154 GC heap before
{Heap before GC invocations=32 (full 0):
 garbage-first heap   total 158720K, used 141496K [0x0000000080000000, 0x0000000100000000)
  region size 1024K, 50 young (51200K), 7 survivors (7168K)
 Metaspace       used 105895K, committed 107904K, reserved 1179648K
  class space    used 14429K, committed 15424K, reserved 1048576K
}
Event: 9.159 GC heap after
{Heap after GC invocations=33 (full 0):
 garbage-first heap   total 158720K, used 98415K [0x0000000080000000, 0x0000000100000000)
  region size 1024K, 6 young (6144K), 6 survivors (6144K)
 Metaspace       used 105895K, committed 107904K, reserved 1179648K
  class space    used 14429K, committed 15424K, reserved 1048576K
}
Event: 9.460 GC heap before
{Heap before GC invocations=33 (full 0):
 garbage-first heap   total 158720K, used 142447K [0x0000000080000000, 0x0000000100000000)
  region size 1024K, 49 young (50176K), 6 survivors (6144K)
 Metaspace       used 108134K, committed 110272K, reserved 1179648K
  class space    used 14721K, committed 15808K, reserved 1048576K
}
Event: 9.466 GC heap after
{Heap after GC invocations=34 (full 0):
 garbage-first heap   total 158720K, used 102576K [0x0000000080000000, 0x0000000100000000)
  region size 1024K, 6 young (6144K), 6 survivors (6144K)
 Metaspace       used 108134K, committed 110272K, reserved 1179648K
  class space    used 14721K, committed 15808K, reserved 1048576K
}
Event: 9.774 GC heap before
{Heap before GC invocations=35 (full 0):
 garbage-first heap   total 173056K, used 142512K [0x0000000080000000, 0x0000000100000000)
  region size 1024K, 45 young (46080K), 6 survivors (6144K)
 Metaspace       used 111584K, committed 113664K, reserved 1179648K
  class space    used 15161K, committed 16192K, reserved 1048576K
}
Event: 9.778 GC heap after
{Heap after GC invocations=36 (full 0):
 garbage-first heap   total 173056K, used 104770K [0x0000000080000000, 0x0000000100000000)
  region size 1024K, 3 young (3072K), 3 survivors (3072K)
 Metaspace       used 111584K, committed 113664K, reserved 1179648K
  class space    used 15161K, committed 16192K, reserved 1048576K
}
Event: 10.141 GC heap before
{Heap before GC invocations=36 (full 0):
 garbage-first heap   total 173056K, used 159042K [0x0000000080000000, 0x0000000100000000)
  region size 1024K, 57 young (58368K), 3 survivors (3072K)
 Metaspace       used 114370K, committed 116480K, reserved 1179648K
  class space    used 15590K, committed 16640K, reserved 1048576K
}
Event: 10.146 GC heap after
{Heap after GC invocations=37 (full 0):
 garbage-first heap   total 173056K, used 109963K [0x0000000080000000, 0x0000000100000000)
  region size 1024K, 8 young (8192K), 8 survivors (8192K)
 Metaspace       used 114370K, committed 116480K, reserved 1179648K
  class space    used 15590K, committed 16640K, reserved 1048576K
}
Event: 10.345 GC heap before
{Heap before GC invocations=37 (full 0):
 garbage-first heap   total 173056K, used 153995K [0x0000000080000000, 0x0000000100000000)
  region size 1024K, 52 young (53248K), 8 survivors (8192K)
 Metaspace       used 114590K, committed 116736K, reserved 1179648K
  class space    used 15621K, committed 16704K, reserved 1048576K
}
Event: 10.350 GC heap after
{Heap after GC invocations=38 (full 0):
 garbage-first heap   total 173056K, used 112089K [0x0000000080000000, 0x0000000100000000)
  region size 1024K, 5 young (5120K), 5 survivors (5120K)
 Metaspace       used 114590K, committed 116736K, reserved 1179648K
  class space    used 15621K, committed 16704K, reserved 1048576K
}

