# JRE version: OpenJDK Runtime Environment (21.0.5) (build 21.0.5+-12932927-b750.29)
# Java VM: OpenJDK 64-Bit Server VM (21.0.5+-12932927-b750.29, mixed mode, tiered, compressed oops, compressed class ptrs, g1 gc, windows-amd64)
GC Precious Log:
 CardTable entry size: 512
 Card Set container configuration: InlinePtr #cards 5 size 8 Array Of Cards #cards 12 size 40 Howl #buckets 4 coarsen threshold 1843 Howl Bitmap #cards 512 size 80 coarsen threshold 460 Card regions per heap region 1 cards per card region 2048
 CPUs: 16 total, 16 available
 Memory: 7471M
 Large Page Support: Disabled
 NUMA Support: Disabled
 Compressed Oops: Enabled (32-bit)
 Heap Region Size: 1M
 Heap Min Capacity: 8M
 Heap Initial Capacity: 118M
 Heap Max Capacity: 256M
 Pre-touch: Disabled
 Parallel Workers: 13
 Concurrent Workers: 3
 Concurrent Refinement Workers: 13
 Periodic GC: Disabled
Heap:
 garbage-first heap   total 203776K, used 158953K [0x00000000f0000000, 0x0000000100000000)
  region size 1024K, 33 young (33792K), 5 survivors (5120K)
 Metaspace       used 99172K, committed 101376K, reserved 1179648K
  class space    used 13362K, committed 14464K, reserved 1048576K
GC Heap History (20 events):
Event: 5.735 GC heap before
{Heap before GC invocations=26 (full 0):
 garbage-first heap   total 140288K, used 125911K [0x00000000f0000000, 0x0000000100000000)
  region size 1024K, 43 young (44032K), 5 survivors (5120K)
 Metaspace       used 72832K, committed 74624K, reserved 1114112K
  class space    used 9837K, committed 10752K, reserved 1048576K
}
Event: 5.738 GC heap after
{Heap after GC invocations=27 (full 0):
 garbage-first heap   total 140288K, used 87946K [0x00000000f0000000, 0x0000000100000000)
  region size 1024K, 4 young (4096K), 4 survivors (4096K)
 Metaspace       used 72832K, committed 74624K, reserved 1114112K
  class space    used 9837K, committed 10752K, reserved 1048576K
}
Event: 5.793 GC heap before
{Heap before GC invocations=27 (full 0):
 garbage-first heap   total 140288K, used 125834K [0x00000000f0000000, 0x0000000100000000)
  region size 1024K, 42 young (43008K), 4 survivors (4096K)
 Metaspace       used 72876K, committed 74688K, reserved 1114112K
  class space    used 9837K, committed 10752K, reserved 1048576K
}
Event: 5.795 GC heap after
{Heap after GC invocations=28 (full 0):
 garbage-first heap   total 140288K, used 88437K [0x00000000f0000000, 0x0000000100000000)
  region size 1024K, 4 young (4096K), 4 survivors (4096K)
 Metaspace       used 72876K, committed 74688K, reserved 1114112K
  class space    used 9837K, committed 10752K, reserved 1048576K
}
Event: 5.860 GC heap before
{Heap before GC invocations=29 (full 0):
 garbage-first heap   total 148480K, used 126325K [0x00000000f0000000, 0x0000000100000000)
  region size 1024K, 42 young (43008K), 4 survivors (4096K)
 Metaspace       used 72883K, committed 74688K, reserved 1114112K
  class space    used 9838K, committed 10752K, reserved 1048576K
}
Event: 5.863 GC heap after
{Heap after GC invocations=30 (full 0):
 garbage-first heap   total 148480K, used 89315K [0x00000000f0000000, 0x0000000100000000)
  region size 1024K, 4 young (4096K), 4 survivors (4096K)
 Metaspace       used 72883K, committed 74688K, reserved 1114112K
  class space    used 9838K, committed 10752K, reserved 1048576K
}
Event: 6.230 GC heap before
{Heap before GC invocations=30 (full 0):
 garbage-first heap   total 148480K, used 146659K [0x00000000f0000000, 0x0000000100000000)
  region size 1024K, 47 young (48128K), 4 survivors (4096K)
 Metaspace       used 74476K, committed 76288K, reserved 1179648K
  class space    used 10039K, committed 10944K, reserved 1048576K
}
Event: 6.234 GC heap after
{Heap after GC invocations=31 (full 0):
 garbage-first heap   total 160768K, used 109568K [0x00000000f0000000, 0x0000000100000000)
  region size 1024K, 7 young (7168K), 7 survivors (7168K)
 Metaspace       used 74476K, committed 76288K, reserved 1179648K
  class space    used 10039K, committed 10944K, reserved 1048576K
}
Event: 6.501 GC heap before
{Heap before GC invocations=31 (full 0):
 garbage-first heap   total 160768K, used 143360K [0x00000000f0000000, 0x0000000100000000)
  region size 1024K, 41 young (41984K), 7 survivors (7168K)
 Metaspace       used 77725K, committed 79616K, reserved 1179648K
  class space    used 10380K, committed 11328K, reserved 1048576K
}
Event: 6.505 GC heap after
{Heap after GC invocations=32 (full 0):
 garbage-first heap   total 160768K, used 110731K [0x00000000f0000000, 0x0000000100000000)
  region size 1024K, 2 young (2048K), 2 survivors (2048K)
 Metaspace       used 77725K, committed 79616K, reserved 1179648K
  class space    used 10380K, committed 11328K, reserved 1048576K
}
Event: 6.798 GC heap before
{Heap before GC invocations=33 (full 0):
 garbage-first heap   total 188416K, used 145547K [0x00000000f0000000, 0x0000000100000000)
  region size 1024K, 37 young (37888K), 2 survivors (2048K)
 Metaspace       used 81355K, committed 83328K, reserved 1179648K
  class space    used 10937K, committed 11904K, reserved 1048576K
}
Event: 6.801 GC heap after
{Heap after GC invocations=34 (full 0):
 garbage-first heap   total 188416K, used 112364K [0x00000000f0000000, 0x0000000100000000)
  region size 1024K, 3 young (3072K), 3 survivors (3072K)
 Metaspace       used 81355K, committed 83328K, reserved 1179648K
  class space    used 10937K, committed 11904K, reserved 1048576K
}
Event: 7.193 GC heap before
{Heap before GC invocations=34 (full 0):
 garbage-first heap   total 188416K, used 176876K [0x00000000f0000000, 0x0000000100000000)
  region size 1024K, 61 young (62464K), 3 survivors (3072K)
 Metaspace       used 85904K, committed 87872K, reserved 1179648K
  class space    used 11507K, committed 12480K, reserved 1048576K
}
Event: 7.197 GC heap after
{Heap after GC invocations=35 (full 0):
 garbage-first heap   total 188416K, used 118243K [0x00000000f0000000, 0x0000000100000000)
  region size 1024K, 8 young (8192K), 8 survivors (8192K)
 Metaspace       used 85904K, committed 87872K, reserved 1179648K
  class space    used 11507K, committed 12480K, reserved 1048576K
}
Event: 7.627 GC heap before
{Heap before GC invocations=35 (full 0):
 garbage-first heap   total 188416K, used 169443K [0x00000000f0000000, 0x0000000100000000)
  region size 1024K, 58 young (59392K), 8 survivors (8192K)
 Metaspace       used 91138K, committed 93184K, reserved 1179648K
  class space    used 12168K, committed 13184K, reserved 1048576K
}
Event: 7.632 GC heap after
{Heap after GC invocations=36 (full 0):
 garbage-first heap   total 188416K, used 121290K [0x00000000f0000000, 0x0000000100000000)
  region size 1024K, 3 young (3072K), 3 survivors (3072K)
 Metaspace       used 91138K, committed 93184K, reserved 1179648K
  class space    used 12168K, committed 13184K, reserved 1048576K
}
Event: 9.049 GC heap before
{Heap before GC invocations=37 (full 0):
 garbage-first heap   total 203776K, used 176586K [0x00000000f0000000, 0x0000000100000000)
  region size 1024K, 54 young (55296K), 3 survivors (3072K)
 Metaspace       used 93999K, committed 96064K, reserved 1179648K
  class space    used 12578K, committed 13632K, reserved 1048576K
}
Event: 9.052 GC heap after
{Heap after GC invocations=38 (full 0):
 garbage-first heap   total 203776K, used 128760K [0x00000000f0000000, 0x0000000100000000)
  region size 1024K, 7 young (7168K), 7 survivors (7168K)
 Metaspace       used 93999K, committed 96064K, reserved 1179648K
  class space    used 12578K, committed 13632K, reserved 1048576K
}
Event: 9.503 GC heap before
{Heap before GC invocations=38 (full 0):
 garbage-first heap   total 203776K, used 186104K [0x00000000f0000000, 0x0000000100000000)
  region size 1024K, 62 young (63488K), 7 survivors (7168K)
 Metaspace       used 97013K, committed 99200K, reserved 1179648K
  class space    used 12981K, committed 14080K, reserved 1048576K
}
Event: 9.508 GC heap after
{Heap after GC invocations=39 (full 0):
 garbage-first heap   total 203776K, used 131305K [0x00000000f0000000, 0x0000000100000000)
  region size 1024K, 5 young (5120K), 5 survivors (5120K)
 Metaspace       used 97013K, committed 99200K, reserved 1179648K
  class space    used 12981K, committed 14080K, reserved 1048576K
}

