# JRE version: OpenJDK Runtime Environment (21.0.5) (build 21.0.5+-12932927-b750.29)
# Java VM: OpenJDK 64-Bit Server VM (21.0.5+-12932927-b750.29, mixed mode, tiered, compressed oops, compressed class ptrs, g1 gc, windows-amd64)
GC Precious Log:
 CardTable entry size: 512
 Card Set container configuration: InlinePtr #cards 5 size 8 Array Of Cards #cards 12 size 40 Howl #buckets 4 coarsen threshold 1843 Howl Bitmap #cards 512 size 80 coarsen threshold 460 Card regions per heap region 1 cards per card region 2048
 CPUs: 16 total, 16 available
 Memory: 7471M
 Large Page Support: Disabled
 NUMA Support: Disabled
 Compressed Oops: Enabled (32-bit)
 Heap Region Size: 1M
 Heap Min Capacity: 8M
 Heap Initial Capacity: 118M
 Heap Max Capacity: 2G
 Pre-touch: Disabled
 Parallel Workers: 13
 Concurrent Workers: 3
 Concurrent Refinement Workers: 13
 Periodic GC: Disabled
Heap:
 garbage-first heap   total 263168K, used 199580K [0x0000000080000000, 0x0000000100000000)
  region size 1024K, 51 young (52224K), 8 survivors (8192K)
 Metaspace       used 131375K, committed 133568K, reserved 1179648K
  class space    used 16839K, committed 17920K, reserved 1048576K
GC Heap History (20 events):
Event: 5.922 GC heap before
{Heap before GC invocations=22 (full 0):
 garbage-first heap   total 162816K, used 144949K [0x0000000080000000, 0x0000000100000000)
  region size 1024K, 60 young (61440K), 4 survivors (4096K)
 Metaspace       used 72824K, committed 74560K, reserved 1114112K
  class space    used 9825K, committed 10688K, reserved 1048576K
}
Event: 5.925 GC heap after
{Heap after GC invocations=23 (full 0):
 garbage-first heap   total 162816K, used 89605K [0x0000000080000000, 0x0000000100000000)
  region size 1024K, 5 young (5120K), 5 survivors (5120K)
 Metaspace       used 72824K, committed 74560K, reserved 1114112K
  class space    used 9825K, committed 10688K, reserved 1048576K
}
Event: 6.403 GC heap before
{Heap before GC invocations=23 (full 0):
 garbage-first heap   total 162816K, used 145925K [0x0000000080000000, 0x0000000100000000)
  region size 1024K, 61 young (62464K), 5 survivors (5120K)
 Metaspace       used 82411K, committed 84224K, reserved 1179648K
  class space    used 11462K, committed 12352K, reserved 1048576K
}
Event: 6.406 GC heap after
{Heap after GC invocations=24 (full 0):
 garbage-first heap   total 162816K, used 90054K [0x0000000080000000, 0x0000000100000000)
  region size 1024K, 6 young (6144K), 6 survivors (6144K)
 Metaspace       used 82411K, committed 84224K, reserved 1179648K
  class space    used 11462K, committed 12352K, reserved 1048576K
}
Event: 6.660 GC heap before
{Heap before GC invocations=24 (full 0):
 garbage-first heap   total 162816K, used 120774K [0x0000000080000000, 0x0000000100000000)
  region size 1024K, 37 young (37888K), 6 survivors (6144K)
 Metaspace       used 87617K, committed 89408K, reserved 1179648K
  class space    used 12126K, committed 12992K, reserved 1048576K
}
Event: 6.663 GC heap after
{Heap after GC invocations=25 (full 0):
 garbage-first heap   total 162816K, used 91423K [0x0000000080000000, 0x0000000100000000)
  region size 1024K, 3 young (3072K), 3 survivors (3072K)
 Metaspace       used 87617K, committed 89408K, reserved 1179648K
  class space    used 12126K, committed 12992K, reserved 1048576K
}
Event: 6.828 GC heap before
{Heap before GC invocations=26 (full 0):
 garbage-first heap   total 165888K, used 162079K [0x0000000080000000, 0x0000000100000000)
  region size 1024K, 60 young (61440K), 3 survivors (3072K)
 Metaspace       used 87935K, committed 89856K, reserved 1179648K
  class space    used 12135K, committed 13056K, reserved 1048576K
}
Event: 6.839 GC heap after
{Heap after GC invocations=27 (full 0):
 garbage-first heap   total 219136K, used 111616K [0x0000000080000000, 0x0000000100000000)
  region size 1024K, 8 young (8192K), 8 survivors (8192K)
 Metaspace       used 87935K, committed 89856K, reserved 1179648K
  class space    used 12135K, committed 13056K, reserved 1048576K
}
Event: 7.257 GC heap before
{Heap before GC invocations=27 (full 0):
 garbage-first heap   total 219136K, used 196608K [0x0000000080000000, 0x0000000100000000)
  region size 1024K, 80 young (81920K), 8 survivors (8192K)
 Metaspace       used 92293K, committed 94080K, reserved 1179648K
  class space    used 12637K, committed 13504K, reserved 1048576K
}
Event: 7.269 GC heap after
{Heap after GC invocations=28 (full 0):
 garbage-first heap   total 219136K, used 128141K [0x0000000080000000, 0x0000000100000000)
  region size 1024K, 10 young (10240K), 10 survivors (10240K)
 Metaspace       used 92293K, committed 94080K, reserved 1179648K
  class space    used 12637K, committed 13504K, reserved 1048576K
}
Event: 7.709 GC heap before
{Heap before GC invocations=28 (full 0):
 garbage-first heap   total 219136K, used 198797K [0x0000000080000000, 0x0000000100000000)
  region size 1024K, 70 young (71680K), 10 survivors (10240K)
 Metaspace       used 97902K, committed 99712K, reserved 1179648K
  class space    used 13114K, committed 14016K, reserved 1048576K
}
Event: 7.716 GC heap after
{Heap after GC invocations=29 (full 0):
 garbage-first heap   total 220160K, used 144476K [0x0000000080000000, 0x0000000100000000)
  region size 1024K, 9 young (9216K), 9 survivors (9216K)
 Metaspace       used 97902K, committed 99712K, reserved 1179648K
  class space    used 13114K, committed 14016K, reserved 1048576K
}
Event: 8.061 GC heap before
{Heap before GC invocations=29 (full 0):
 garbage-first heap   total 220160K, used 197724K [0x0000000080000000, 0x0000000100000000)
  region size 1024K, 61 young (62464K), 9 survivors (9216K)
 Metaspace       used 104142K, committed 106304K, reserved 1179648K
  class space    used 13947K, committed 15040K, reserved 1048576K
}
Event: 8.065 GC heap after
{Heap after GC invocations=30 (full 0):
 garbage-first heap   total 220160K, used 147542K [0x0000000080000000, 0x0000000100000000)
  region size 1024K, 4 young (4096K), 4 survivors (4096K)
 Metaspace       used 104142K, committed 106304K, reserved 1179648K
  class space    used 13947K, committed 15040K, reserved 1048576K
}
Event: 8.430 GC heap before
{Heap before GC invocations=31 (full 0):
 garbage-first heap   total 247808K, used 201814K [0x0000000080000000, 0x0000000100000000)
  region size 1024K, 56 young (57344K), 4 survivors (4096K)
 Metaspace       used 110147K, committed 112320K, reserved 1179648K
  class space    used 14670K, committed 15744K, reserved 1048576K
}
Event: 8.435 GC heap after
{Heap after GC invocations=32 (full 0):
 garbage-first heap   total 247808K, used 151861K [0x0000000080000000, 0x0000000100000000)
  region size 1024K, 7 young (7168K), 7 survivors (7168K)
 Metaspace       used 110147K, committed 112320K, reserved 1179648K
  class space    used 14670K, committed 15744K, reserved 1048576K
}
Event: 8.853 GC heap before
{Heap before GC invocations=32 (full 0):
 garbage-first heap   total 247808K, used 221493K [0x0000000080000000, 0x0000000100000000)
  region size 1024K, 75 young (76800K), 7 survivors (7168K)
 Metaspace       used 115032K, committed 117184K, reserved 1179648K
  class space    used 15173K, committed 16256K, reserved 1048576K
}
Event: 8.857 GC heap after
{Heap after GC invocations=33 (full 0):
 garbage-first heap   total 247808K, used 152377K [0x0000000080000000, 0x0000000100000000)
  region size 1024K, 7 young (7168K), 7 survivors (7168K)
 Metaspace       used 115032K, committed 117184K, reserved 1179648K
  class space    used 15173K, committed 16256K, reserved 1048576K
}
Event: 9.356 GC heap before
{Heap before GC invocations=33 (full 0):
 garbage-first heap   total 247808K, used 224057K [0x0000000080000000, 0x0000000100000000)
  region size 1024K, 77 young (78848K), 7 survivors (7168K)
 Metaspace       used 124576K, committed 126720K, reserved 1179648K
  class space    used 16171K, committed 17216K, reserved 1048576K
}
Event: 9.360 GC heap after
{Heap after GC invocations=34 (full 0):
 garbage-first heap   total 247808K, used 156572K [0x0000000080000000, 0x0000000100000000)
  region size 1024K, 8 young (8192K), 8 survivors (8192K)
 Metaspace       used 124576K, committed 126720K, reserved 1179648K
  class space    used 16171K, committed 17216K, reserved 1048576K
}

