# JRE version: OpenJDK Runtime Environment (23.0.2+7) (build 23.0.2+7-58)
# Java VM: OpenJDK 64-Bit Server VM (23.0.2+7-58, mixed mode, sharing, tiered, compressed oops, compressed class ptrs, g1 gc, windows-amd64)
GC Precious Log:
 CardTable entry size: 512
 Card Set container configuration: InlinePtr #cards 5 size 8 Array Of Cards #cards 10 size 36 Howl #buckets 4 coarsen threshold 1843 Howl Bitmap #cards 512 size 80 coarsen threshold 460 Card regions per heap region 1 cards per card region 2048
 CPUs: 16 total, 16 available
 Memory: 7471M
 Large Page Support: Disabled
 NUMA Support: Disabled
 Compressed Oops: Enabled (32-bit)
 Heap Region Size: 1M
 Heap Min Capacity: 8M
 Heap Initial Capacity: 118M
 Heap Max Capacity: 2G
 Pre-touch: Disabled
 Parallel Workers: 13
 Concurrent Workers: 3
 Concurrent Refinement Workers: 13
 Periodic GC: Disabled
Heap:
 garbage-first heap   total reserved 2097152K, committed 306176K, used 216963K [0x0000000080000000, 0x0000000100000000)
  region size 1024K, 18 young (18432K), 14 survivors (14336K)
 Metaspace       used 163755K, committed 166592K, reserved 1245184K
  class space    used 21834K, committed 23168K, reserved 1048576K
GC Heap History (20 events):
Event: 14.646 GC heap before
{Heap before GC invocations=47 (full 0):
 garbage-first heap   total reserved 2097152K, committed 281600K, used 174723K [0x0000000080000000, 0x0000000100000000)
  region size 1024K, 30 young (30720K), 13 survivors (13312K)
 Metaspace       used 132222K, committed 134720K, reserved 1179648K
  class space    used 17649K, committed 18816K, reserved 1048576K
}
Event: 14.654 GC heap after
{Heap after GC invocations=48 (full 0):
 garbage-first heap   total reserved 2097152K, committed 281600K, used 163585K [0x0000000080000000, 0x0000000100000000)
  region size 1024K, 5 young (5120K), 5 survivors (5120K)
 Metaspace       used 132222K, committed 134720K, reserved 1179648K
  class space    used 17649K, committed 18816K, reserved 1048576K
}
Event: 15.031 GC heap before
{Heap before GC invocations=49 (full 0):
 garbage-first heap   total reserved 2097152K, committed 281600K, used 246529K [0x0000000080000000, 0x0000000100000000)
  region size 1024K, 85 young (87040K), 5 survivors (5120K)
 Metaspace       used 132664K, committed 135104K, reserved 1179648K
  class space    used 17670K, committed 18816K, reserved 1048576K
}
Event: 15.038 GC heap after
{Heap after GC invocations=50 (full 0):
 garbage-first heap   total reserved 2097152K, committed 281600K, used 171980K [0x0000000080000000, 0x0000000100000000)
  region size 1024K, 11 young (11264K), 11 survivors (11264K)
 Metaspace       used 132664K, committed 135104K, reserved 1179648K
  class space    used 17670K, committed 18816K, reserved 1048576K
}
Event: 16.027 GC heap before
{Heap before GC invocations=50 (full 0):
 garbage-first heap   total reserved 2097152K, committed 281600K, used 250828K [0x0000000080000000, 0x0000000100000000)
  region size 1024K, 88 young (90112K), 11 survivors (11264K)
 Metaspace       used 137966K, committed 140480K, reserved 1179648K
  class space    used 18209K, committed 19392K, reserved 1048576K
}
Event: 16.037 GC heap after
{Heap after GC invocations=51 (full 0):
 garbage-first heap   total reserved 2097152K, committed 281600K, used 167860K [0x0000000080000000, 0x0000000100000000)
  region size 1024K, 7 young (7168K), 7 survivors (7168K)
 Metaspace       used 137966K, committed 140480K, reserved 1179648K
  class space    used 18209K, committed 19392K, reserved 1048576K
}
Event: 16.766 GC heap before
{Heap before GC invocations=51 (full 0):
 garbage-first heap   total reserved 2097152K, committed 281600K, used 250804K [0x0000000080000000, 0x0000000100000000)
  region size 1024K, 88 young (90112K), 7 survivors (7168K)
 Metaspace       used 144053K, committed 146688K, reserved 1179648K
  class space    used 19232K, committed 20480K, reserved 1048576K
}
Event: 16.772 GC heap after
{Heap after GC invocations=52 (full 0):
 garbage-first heap   total reserved 2097152K, committed 281600K, used 171601K [0x0000000080000000, 0x0000000100000000)
  region size 1024K, 4 young (4096K), 4 survivors (4096K)
 Metaspace       used 144053K, committed 146688K, reserved 1179648K
  class space    used 19232K, committed 20480K, reserved 1048576K
}
Event: 92.994 GC heap before
{Heap before GC invocations=53 (full 0):
 garbage-first heap   total reserved 2097152K, committed 286720K, used 254545K [0x0000000080000000, 0x0000000100000000)
  region size 1024K, 86 young (88064K), 4 survivors (4096K)
 Metaspace       used 147694K, committed 150336K, reserved 1179648K
  class space    used 19862K, committed 21120K, reserved 1048576K
}
Event: 93.000 GC heap after
{Heap after GC invocations=54 (full 0):
 garbage-first heap   total reserved 2097152K, committed 286720K, used 169538K [0x0000000080000000, 0x0000000100000000)
  region size 1024K, 9 young (9216K), 9 survivors (9216K)
 Metaspace       used 147694K, committed 150336K, reserved 1179648K
  class space    used 19862K, committed 21120K, reserved 1048576K
}
Event: 93.949 GC heap before
{Heap before GC invocations=54 (full 0):
 garbage-first heap   total reserved 2097152K, committed 286720K, used 259650K [0x0000000080000000, 0x0000000100000000)
  region size 1024K, 98 young (100352K), 9 survivors (9216K)
 Metaspace       used 151959K, committed 154624K, reserved 1245184K
  class space    used 20469K, committed 21760K, reserved 1048576K
}
Event: 93.959 GC heap after
{Heap after GC invocations=55 (full 0):
 garbage-first heap   total reserved 2097152K, committed 286720K, used 173278K [0x0000000080000000, 0x0000000100000000)
  region size 1024K, 13 young (13312K), 13 survivors (13312K)
 Metaspace       used 151959K, committed 154624K, reserved 1245184K
  class space    used 20469K, committed 21760K, reserved 1048576K
}
Event: 94.808 GC heap before
{Heap before GC invocations=55 (full 0):
 garbage-first heap   total reserved 2097152K, committed 286720K, used 258270K [0x0000000080000000, 0x0000000100000000)
  region size 1024K, 96 young (98304K), 13 survivors (13312K)
 Metaspace       used 157060K, committed 159744K, reserved 1245184K
  class space    used 21122K, committed 22400K, reserved 1048576K
}
Event: 94.819 GC heap after
{Heap after GC invocations=56 (full 0):
 garbage-first heap   total reserved 2097152K, committed 286720K, used 179619K [0x0000000080000000, 0x0000000100000000)
  region size 1024K, 7 young (7168K), 7 survivors (7168K)
 Metaspace       used 157060K, committed 159744K, reserved 1245184K
  class space    used 21122K, committed 22400K, reserved 1048576K
}
Event: 95.582 GC heap before
{Heap before GC invocations=57 (full 0):
 garbage-first heap   total reserved 2097152K, committed 299008K, used 260515K [0x0000000080000000, 0x0000000100000000)
  region size 1024K, 88 young (90112K), 7 survivors (7168K)
 Metaspace       used 159579K, committed 162304K, reserved 1245184K
  class space    used 21464K, committed 22784K, reserved 1048576K
}
Event: 95.591 GC heap after
{Heap after GC invocations=58 (full 0):
 garbage-first heap   total reserved 2097152K, committed 299008K, used 187287K [0x0000000080000000, 0x0000000100000000)
  region size 1024K, 9 young (9216K), 9 survivors (9216K)
 Metaspace       used 159579K, committed 162304K, reserved 1245184K
  class space    used 21464K, committed 22784K, reserved 1048576K
}
Event: 96.489 GC heap before
{Heap before GC invocations=58 (full 0):
 garbage-first heap   total reserved 2097152K, committed 299008K, used 276375K [0x0000000080000000, 0x0000000100000000)
  region size 1024K, 92 young (94208K), 9 survivors (9216K)
 Metaspace       used 162851K, committed 165632K, reserved 1245184K
  class space    used 21757K, committed 23104K, reserved 1048576K
}
Event: 96.505 GC heap after
{Heap after GC invocations=59 (full 0):
 garbage-first heap   total reserved 2097152K, committed 306176K, used 180435K [0x0000000080000000, 0x0000000100000000)
  region size 1024K, 12 young (12288K), 12 survivors (12288K)
 Metaspace       used 162851K, committed 165632K, reserved 1245184K
  class space    used 21757K, committed 23104K, reserved 1048576K
}
Event: 97.209 GC heap before
{Heap before GC invocations=59 (full 0):
 garbage-first heap   total reserved 2097152K, committed 306176K, used 254163K [0x0000000080000000, 0x0000000100000000)
  region size 1024K, 86 young (88064K), 12 survivors (12288K)
 Metaspace       used 163552K, committed 166336K, reserved 1245184K
  class space    used 21815K, committed 23104K, reserved 1048576K
}
Event: 97.224 GC heap after
{Heap after GC invocations=60 (full 0):
 garbage-first heap   total reserved 2097152K, committed 306176K, used 200579K [0x0000000080000000, 0x0000000100000000)
  region size 1024K, 14 young (14336K), 14 survivors (14336K)
 Metaspace       used 163552K, committed 166336K, reserved 1245184K
  class space    used 21815K, committed 23104K, reserved 1048576K
}

