# JRE version: OpenJDK Runtime Environment (17.0.2+8) (build 17.0.2+8-86)
# Java VM: OpenJDK 64-Bit Server VM (17.0.2+8-86, mixed mode, sharing, tiered, compressed oops, compressed class ptrs, g1 gc, windows-amd64)
GC Precious Log:
 CPUs: 16 total, 16 available
 Memory: 7471M
 Large Page Support: Disabled
 NUMA Support: Disabled
 Compressed Oops: Enabled (32-bit)
 Heap Region Size: 1M
 Heap Min Capacity: 8M
 Heap Initial Capacity: 118M
 Heap Max Capacity: 768M
 Pre-touch: Disabled
 Parallel Workers: 13
 Concurrent Workers: 3
 Concurrent Refinement Workers: 13
 Periodic GC: Disabled
Heap:
 garbage-first heap   total 183296K, used 149080K [0x00000000d0000000, 0x0000000100000000)
  region size 1024K, 2 young (2048K), 2 survivors (2048K)
 Metaspace       used 99956K, committed 100800K, reserved 1138688K
  class space    used 13741K, committed 14144K, reserved 1048576K
GC Heap History (20 events):
Event: 12.025 GC heap after
{Heap after GC invocations=42 (full 0):
 garbage-first heap   total 183296K, used 112867K [0x00000000d0000000, 0x0000000100000000)
  region size 1024K, 4 young (4096K), 4 survivors (4096K)
 Metaspace       used 96654K, committed 97536K, reserved 1138688K
  class space    used 13439K, committed 13888K, reserved 1048576K
}
Event: 12.503 GC heap before
{Heap before GC invocations=42 (full 0):
 garbage-first heap   total 183296K, used 152803K [0x00000000d0000000, 0x0000000100000000)
  region size 1024K, 44 young (45056K), 4 survivors (4096K)
 Metaspace       used 98667K, committed 99520K, reserved 1138688K
  class space    used 13650K, committed 14080K, reserved 1048576K
}
Event: 12.507 GC heap after
{Heap after GC invocations=43 (full 0):
 garbage-first heap   total 183296K, used 116884K [0x00000000d0000000, 0x0000000100000000)
  region size 1024K, 6 young (6144K), 6 survivors (6144K)
 Metaspace       used 98667K, committed 99520K, reserved 1138688K
  class space    used 13650K, committed 14080K, reserved 1048576K
}
Event: 12.868 GC heap before
{Heap before GC invocations=43 (full 0):
 garbage-first heap   total 183296K, used 151700K [0x00000000d0000000, 0x0000000100000000)
  region size 1024K, 41 young (41984K), 6 survivors (6144K)
 Metaspace       used 98871K, committed 99776K, reserved 1138688K
  class space    used 13650K, committed 14080K, reserved 1048576K
}
Event: 12.875 GC heap after
{Heap after GC invocations=44 (full 0):
 garbage-first heap   total 183296K, used 128893K [0x00000000d0000000, 0x0000000100000000)
  region size 1024K, 6 young (6144K), 6 survivors (6144K)
 Metaspace       used 98871K, committed 99776K, reserved 1138688K
  class space    used 13650K, committed 14080K, reserved 1048576K
}
Event: 13.086 GC heap before
{Heap before GC invocations=44 (full 0):
 garbage-first heap   total 183296K, used 149373K [0x00000000d0000000, 0x0000000100000000)
  region size 1024K, 27 young (27648K), 6 survivors (6144K)
 Metaspace       used 99271K, committed 100160K, reserved 1138688K
  class space    used 13684K, committed 14080K, reserved 1048576K
}
Event: 13.091 GC heap after
{Heap after GC invocations=45 (full 0):
 garbage-first heap   total 183296K, used 134148K [0x00000000d0000000, 0x0000000100000000)
  region size 1024K, 4 young (4096K), 4 survivors (4096K)
 Metaspace       used 99271K, committed 100160K, reserved 1138688K
  class space    used 13684K, committed 14080K, reserved 1048576K
}
Event: 13.243 GC heap before
{Heap before GC invocations=45 (full 0):
 garbage-first heap   total 183296K, used 150532K [0x00000000d0000000, 0x0000000100000000)
  region size 1024K, 21 young (21504K), 4 survivors (4096K)
 Metaspace       used 99409K, committed 100224K, reserved 1138688K
  class space    used 13696K, committed 14080K, reserved 1048576K
}
Event: 13.247 GC heap after
{Heap after GC invocations=46 (full 0):
 garbage-first heap   total 183296K, used 137289K [0x00000000d0000000, 0x0000000100000000)
  region size 1024K, 3 young (3072K), 3 survivors (3072K)
 Metaspace       used 99409K, committed 100224K, reserved 1138688K
  class space    used 13696K, committed 14080K, reserved 1048576K
}
Event: 13.395 GC heap before
{Heap before GC invocations=46 (full 0):
 garbage-first heap   total 183296K, used 153673K [0x00000000d0000000, 0x0000000100000000)
  region size 1024K, 19 young (19456K), 3 survivors (3072K)
 Metaspace       used 99529K, committed 100352K, reserved 1138688K
  class space    used 13705K, committed 14144K, reserved 1048576K
}
Event: 13.398 GC heap after
{Heap after GC invocations=47 (full 0):
 garbage-first heap   total 183296K, used 138846K [0x00000000d0000000, 0x0000000100000000)
  region size 1024K, 2 young (2048K), 2 survivors (2048K)
 Metaspace       used 99529K, committed 100352K, reserved 1138688K
  class space    used 13705K, committed 14144K, reserved 1048576K
}
Event: 13.439 GC heap before
{Heap before GC invocations=47 (full 0):
 garbage-first heap   total 183296K, used 155230K [0x00000000d0000000, 0x0000000100000000)
  region size 1024K, 8 young (8192K), 2 survivors (2048K)
 Metaspace       used 99534K, committed 100352K, reserved 1138688K
  class space    used 13705K, committed 14144K, reserved 1048576K
}
Event: 13.441 GC heap after
{Heap after GC invocations=48 (full 0):
 garbage-first heap   total 183296K, used 144998K [0x00000000d0000000, 0x0000000100000000)
  region size 1024K, 3 young (3072K), 3 survivors (3072K)
 Metaspace       used 99534K, committed 100352K, reserved 1138688K
  class space    used 13705K, committed 14144K, reserved 1048576K
}
Event: 13.506 GC heap before
{Heap before GC invocations=48 (full 0):
 garbage-first heap   total 183296K, used 156262K [0x00000000d0000000, 0x0000000100000000)
  region size 1024K, 11 young (11264K), 3 survivors (3072K)
 Metaspace       used 99781K, committed 100672K, reserved 1138688K
  class space    used 13726K, committed 14144K, reserved 1048576K
}
Event: 13.509 GC heap after
{Heap after GC invocations=49 (full 0):
 garbage-first heap   total 183296K, used 143306K [0x00000000d0000000, 0x0000000100000000)
  region size 1024K, 2 young (2048K), 2 survivors (2048K)
 Metaspace       used 99781K, committed 100672K, reserved 1138688K
  class space    used 13726K, committed 14144K, reserved 1048576K
}
Event: 13.528 GC heap before
{Heap before GC invocations=49 (full 0):
 garbage-first heap   total 183296K, used 152522K [0x00000000d0000000, 0x0000000100000000)
  region size 1024K, 12 young (12288K), 2 survivors (2048K)
 Metaspace       used 99867K, committed 100736K, reserved 1138688K
  class space    used 13732K, committed 14144K, reserved 1048576K
}
Event: 13.530 GC heap after
{Heap after GC invocations=50 (full 0):
 garbage-first heap   total 183296K, used 145278K [0x00000000d0000000, 0x0000000100000000)
  region size 1024K, 2 young (2048K), 2 survivors (2048K)
 Metaspace       used 99867K, committed 100736K, reserved 1138688K
  class space    used 13732K, committed 14144K, reserved 1048576K
}
Event: 13.544 GC heap before
{Heap before GC invocations=50 (full 0):
 garbage-first heap   total 183296K, used 154494K [0x00000000d0000000, 0x0000000100000000)
  region size 1024K, 11 young (11264K), 2 survivors (2048K)
 Metaspace       used 99888K, committed 100736K, reserved 1138688K
  class space    used 13735K, committed 14144K, reserved 1048576K
}
Event: 13.546 GC heap after
{Heap after GC invocations=51 (full 0):
 garbage-first heap   total 183296K, used 147126K [0x00000000d0000000, 0x0000000100000000)
  region size 1024K, 2 young (2048K), 2 survivors (2048K)
 Metaspace       used 99888K, committed 100736K, reserved 1138688K
  class space    used 13735K, committed 14144K, reserved 1048576K
}
Event: 13.560 GC heap before
{Heap before GC invocations=51 (full 0):
 garbage-first heap   total 183296K, used 156342K [0x00000000d0000000, 0x0000000100000000)
  region size 1024K, 11 young (11264K), 2 survivors (2048K)
 Metaspace       used 99956K, committed 100800K, reserved 1138688K
  class space    used 13741K, committed 14144K, reserved 1048576K
}

