# JRE version: OpenJDK Runtime Environment (17.0.2+8) (build 17.0.2+8-86)
# Java VM: OpenJDK 64-Bit Server VM (17.0.2+8-86, mixed mode, sharing, tiered, compressed oops, compressed class ptrs, g1 gc, windows-amd64)
GC Precious Log:
 CPUs: 16 total, 16 available
 Memory: 7471M
 Large Page Support: Disabled
 NUMA Support: Disabled
 Compressed Oops: Enabled (32-bit)
 Heap Region Size: 1M
 Heap Min Capacity: 8M
 Heap Initial Capacity: 118M
 Heap Max Capacity: 1G
 Pre-touch: Disabled
 Parallel Workers: 13
 Concurrent Workers: 3
 Concurrent Refinement Workers: 13
 Periodic GC: Disabled
Heap:
 garbage-first heap   total 270336K, used 152083K [0x00000000c0000000, 0x0000000100000000)
  region size 1024K, 5 young (5120K), 5 survivors (5120K)
 Metaspace       used 105340K, committed 106240K, reserved 1146880K
  class space    used 14325K, committed 14784K, reserved 1048576K
GC Heap History (20 events):
Event: 8.943 GC heap after
{Heap after GC invocations=33 (full 0):
 garbage-first heap   total 258048K, used 91880K [0x00000000c0000000, 0x0000000100000000)
  region size 1024K, 11 young (11264K), 11 survivors (11264K)
 Metaspace       used 80397K, committed 81152K, reserved 1122304K
  class space    used 11270K, committed 11648K, reserved 1048576K
}
Event: 9.811 GC heap before
{Heap before GC invocations=33 (full 0):
 garbage-first heap   total 258048K, used 199400K [0x00000000c0000000, 0x0000000100000000)
  region size 1024K, 116 young (118784K), 11 survivors (11264K)
 Metaspace       used 88547K, committed 89344K, reserved 1130496K
  class space    used 12394K, committed 12800K, reserved 1048576K
}
Event: 9.819 GC heap after
{Heap after GC invocations=34 (full 0):
 garbage-first heap   total 258048K, used 98870K [0x00000000c0000000, 0x0000000100000000)
  region size 1024K, 11 young (11264K), 11 survivors (11264K)
 Metaspace       used 88547K, committed 89344K, reserved 1130496K
  class space    used 12394K, committed 12800K, reserved 1048576K
}
Event: 10.258 GC heap before
{Heap before GC invocations=34 (full 0):
 garbage-first heap   total 258048K, used 162358K [0x00000000c0000000, 0x0000000100000000)
  region size 1024K, 74 young (75776K), 11 survivors (11264K)
 Metaspace       used 92703K, committed 93440K, reserved 1130496K
  class space    used 12896K, committed 13248K, reserved 1048576K
}
Event: 10.264 GC heap after
{Heap after GC invocations=35 (full 0):
 garbage-first heap   total 258048K, used 103429K [0x00000000c0000000, 0x0000000100000000)
  region size 1024K, 12 young (12288K), 12 survivors (12288K)
 Metaspace       used 92703K, committed 93440K, reserved 1130496K
  class space    used 12896K, committed 13248K, reserved 1048576K
}
Event: 11.276 GC heap before
{Heap before GC invocations=36 (full 0):
 garbage-first heap   total 258048K, used 204805K [0x00000000c0000000, 0x0000000100000000)
  region size 1024K, 112 young (114688K), 12 survivors (12288K)
 Metaspace       used 95726K, committed 96512K, reserved 1138688K
  class space    used 13398K, committed 13760K, reserved 1048576K
}
Event: 11.286 GC heap after
{Heap after GC invocations=37 (full 0):
 garbage-first heap   total 258048K, used 112166K [0x00000000c0000000, 0x0000000100000000)
  region size 1024K, 14 young (14336K), 14 survivors (14336K)
 Metaspace       used 95726K, committed 96512K, reserved 1138688K
  class space    used 13398K, committed 13760K, reserved 1048576K
}
Event: 11.288 GC heap before
{Heap before GC invocations=37 (full 0):
 garbage-first heap   total 258048K, used 113190K [0x00000000c0000000, 0x0000000100000000)
  region size 1024K, 15 young (15360K), 14 survivors (14336K)
 Metaspace       used 95726K, committed 96512K, reserved 1138688K
  class space    used 13398K, committed 13760K, reserved 1048576K
}
Event: 11.293 GC heap after
{Heap after GC invocations=38 (full 0):
 garbage-first heap   total 258048K, used 112659K [0x00000000c0000000, 0x0000000100000000)
  region size 1024K, 2 young (2048K), 2 survivors (2048K)
 Metaspace       used 95726K, committed 96512K, reserved 1138688K
  class space    used 13398K, committed 13760K, reserved 1048576K
}
Event: 12.114 GC heap before
{Heap before GC invocations=38 (full 0):
 garbage-first heap   total 258048K, used 211987K [0x00000000c0000000, 0x0000000100000000)
  region size 1024K, 95 young (97280K), 2 survivors (2048K)
 Metaspace       used 99126K, committed 99968K, reserved 1138688K
  class space    used 13728K, committed 14144K, reserved 1048576K
}
Event: 12.122 GC heap after
{Heap after GC invocations=39 (full 0):
 garbage-first heap   total 258048K, used 130466K [0x00000000c0000000, 0x0000000100000000)
  region size 1024K, 12 young (12288K), 12 survivors (12288K)
 Metaspace       used 99126K, committed 99968K, reserved 1138688K
  class space    used 13728K, committed 14144K, reserved 1048576K
}
Event: 12.601 GC heap before
{Heap before GC invocations=39 (full 0):
 garbage-first heap   total 258048K, used 187810K [0x00000000c0000000, 0x0000000100000000)
  region size 1024K, 70 young (71680K), 12 survivors (12288K)
 Metaspace       used 99770K, committed 100608K, reserved 1138688K
  class space    used 13782K, committed 14208K, reserved 1048576K
}
Event: 12.613 GC heap after
{Heap after GC invocations=40 (full 0):
 garbage-first heap   total 258048K, used 142621K [0x00000000c0000000, 0x0000000100000000)
  region size 1024K, 11 young (11264K), 11 survivors (11264K)
 Metaspace       used 99770K, committed 100608K, reserved 1138688K
  class space    used 13782K, committed 14208K, reserved 1048576K
}
Event: 12.814 GC heap before
{Heap before GC invocations=41 (full 0):
 garbage-first heap   total 270336K, used 216349K [0x00000000c0000000, 0x0000000100000000)
  region size 1024K, 69 young (70656K), 11 survivors (11264K)
 Metaspace       used 101876K, committed 102784K, reserved 1138688K
  class space    used 13969K, committed 14464K, reserved 1048576K
}
Event: 12.822 GC heap after
{Heap after GC invocations=42 (full 0):
 garbage-first heap   total 270336K, used 149101K [0x00000000c0000000, 0x0000000100000000)
  region size 1024K, 9 young (9216K), 9 survivors (9216K)
 Metaspace       used 101876K, committed 102784K, reserved 1138688K
  class space    used 13969K, committed 14464K, reserved 1048576K
}
Event: 12.834 GC heap before
{Heap before GC invocations=42 (full 0):
 garbage-first heap   total 270336K, used 153197K [0x00000000c0000000, 0x0000000100000000)
  region size 1024K, 13 young (13312K), 9 survivors (9216K)
 Metaspace       used 102062K, committed 102976K, reserved 1138688K
  class space    used 13988K, committed 14464K, reserved 1048576K
}
Event: 12.839 GC heap after
{Heap after GC invocations=43 (full 0):
 garbage-first heap   total 270336K, used 148868K [0x00000000c0000000, 0x0000000100000000)
  region size 1024K, 2 young (2048K), 2 survivors (2048K)
 Metaspace       used 102062K, committed 102976K, reserved 1138688K
  class space    used 13988K, committed 14464K, reserved 1048576K
}
Event: 12.937 GC heap before
{Heap before GC invocations=43 (full 0):
 garbage-first heap   total 270336K, used 210308K [0x00000000c0000000, 0x0000000100000000)
  region size 1024K, 63 young (64512K), 2 survivors (2048K)
 Metaspace       used 103448K, committed 104320K, reserved 1146880K
  class space    used 14126K, committed 14592K, reserved 1048576K
}
Event: 13.948 GC heap after
{Heap after GC invocations=44 (full 0):
 garbage-first heap   total 270336K, used 150975K [0x00000000c0000000, 0x0000000100000000)
  region size 1024K, 4 young (4096K), 4 survivors (4096K)
 Metaspace       used 103448K, committed 104320K, reserved 1146880K
  class space    used 14126K, committed 14592K, reserved 1048576K
}
Event: 14.330 GC heap before
{Heap before GC invocations=44 (full 0):
 garbage-first heap   total 270336K, used 214463K [0x00000000c0000000, 0x0000000100000000)
  region size 1024K, 67 young (68608K), 4 survivors (4096K)
 Metaspace       used 105340K, committed 106240K, reserved 1146880K
  class space    used 14325K, committed 14784K, reserved 1048576K
}

