# JRE version: OpenJDK Runtime Environment (21.0.5) (build 21.0.5+-12932927-b750.29)
# Java VM: OpenJDK 64-Bit Server VM (21.0.5+-12932927-b750.29, mixed mode, tiered, compressed oops, compressed class ptrs, g1 gc, windows-amd64)
GC Precious Log:
 CardTable entry size: 512
 Card Set container configuration: InlinePtr #cards 5 size 8 Array Of Cards #cards 12 size 40 Howl #buckets 4 coarsen threshold 1843 Howl Bitmap #cards 512 size 80 coarsen threshold 460 Card regions per heap region 1 cards per card region 2048
 CPUs: 16 total, 16 available
 Memory: 7471M
 Large Page Support: Disabled
 NUMA Support: Disabled
 Compressed Oops: Enabled (32-bit)
 Heap Region Size: 1M
 Heap Min Capacity: 8M
 Heap Initial Capacity: 118M
 Heap Max Capacity: 728M
 Pre-touch: Disabled
 Parallel Workers: 13
 Concurrent Workers: 3
 Concurrent Refinement Workers: 13
 Periodic GC: Disabled
Heap:
 garbage-first heap   total 358400K, used 259176K [0x00000000d2800000, 0x0000000100000000)
  region size 1024K, 13 young (13312K), 5 survivors (5120K)
 Metaspace       used 170815K, committed 173696K, reserved 1245184K
  class space    used 22564K, committed 24000K, reserved 1048576K
GC Heap History (20 events):
Event: 15.175 GC heap before
{Heap before GC invocations=54 (full 0):
 garbage-first heap   total 280576K, used 254855K [0x00000000d2800000, 0x0000000100000000)
  region size 1024K, 90 young (92160K), 9 survivors (9216K)
 Metaspace       used 110048K, committed 112384K, reserved 1179648K
  class space    used 14996K, committed 16128K, reserved 1048576K
}
Event: 15.180 GC heap after
{Heap after GC invocations=55 (full 0):
 garbage-first heap   total 280576K, used 175615K [0x00000000d2800000, 0x0000000100000000)
  region size 1024K, 10 young (10240K), 10 survivors (10240K)
 Metaspace       used 110048K, committed 112384K, reserved 1179648K
  class space    used 14996K, committed 16128K, reserved 1048576K
}
Event: 15.707 GC heap before
{Heap before GC invocations=56 (full 0):
 garbage-first heap   total 295936K, used 254463K [0x00000000d2800000, 0x0000000100000000)
  region size 1024K, 86 young (88064K), 10 survivors (10240K)
 Metaspace       used 114185K, committed 116544K, reserved 1179648K
  class space    used 15438K, committed 16640K, reserved 1048576K
}
Event: 15.712 GC heap after
{Heap after GC invocations=57 (full 0):
 garbage-first heap   total 295936K, used 178822K [0x00000000d2800000, 0x0000000100000000)
  region size 1024K, 9 young (9216K), 9 survivors (9216K)
 Metaspace       used 114185K, committed 116544K, reserved 1179648K
  class space    used 15438K, committed 16640K, reserved 1048576K
}
Event: 16.450 GC heap before
{Heap before GC invocations=57 (full 0):
 garbage-first heap   total 295936K, used 275078K [0x00000000d2800000, 0x0000000100000000)
  region size 1024K, 99 young (101376K), 9 survivors (9216K)
 Metaspace       used 124079K, committed 126400K, reserved 1179648K
  class space    used 16603K, committed 17792K, reserved 1048576K
}
Event: 16.458 GC heap after
{Heap after GC invocations=58 (full 0):
 garbage-first heap   total 295936K, used 181890K [0x00000000d2800000, 0x0000000100000000)
  region size 1024K, 10 young (10240K), 10 survivors (10240K)
 Metaspace       used 124079K, committed 126400K, reserved 1179648K
  class space    used 16603K, committed 17792K, reserved 1048576K
}
Event: 16.902 GC heap before
{Heap before GC invocations=58 (full 0):
 garbage-first heap   total 295936K, used 268930K [0x00000000d2800000, 0x0000000100000000)
  region size 1024K, 95 young (97280K), 10 survivors (10240K)
 Metaspace       used 125257K, committed 127680K, reserved 1179648K
  class space    used 16730K, committed 17920K, reserved 1048576K
}
Event: 16.911 GC heap after
{Heap after GC invocations=59 (full 0):
 garbage-first heap   total 295936K, used 187936K [0x00000000d2800000, 0x0000000100000000)
  region size 1024K, 12 young (12288K), 12 survivors (12288K)
 Metaspace       used 125257K, committed 127680K, reserved 1179648K
  class space    used 16730K, committed 17920K, reserved 1048576K
}
Event: 17.952 GC heap before
{Heap before GC invocations=60 (full 0):
 garbage-first heap   total 314368K, used 265760K [0x00000000d2800000, 0x0000000100000000)
  region size 1024K, 89 young (91136K), 12 survivors (12288K)
 Metaspace       used 134899K, committed 137280K, reserved 1179648K
  class space    used 17902K, committed 19072K, reserved 1048576K
}
Event: 17.962 GC heap after
{Heap after GC invocations=61 (full 0):
 garbage-first heap   total 314368K, used 196973K [0x00000000d2800000, 0x0000000100000000)
  region size 1024K, 9 young (9216K), 9 survivors (9216K)
 Metaspace       used 134899K, committed 137280K, reserved 1179648K
  class space    used 17902K, committed 19072K, reserved 1048576K
}
Event: 33.455 GC heap before
{Heap before GC invocations=61 (full 0):
 garbage-first heap   total 314368K, used 287085K [0x00000000d2800000, 0x0000000100000000)
  region size 1024K, 98 young (100352K), 9 survivors (9216K)
 Metaspace       used 136887K, committed 139328K, reserved 1179648K
  class space    used 18172K, committed 19392K, reserved 1048576K
}
Event: 33.464 GC heap after
{Heap after GC invocations=62 (full 0):
 garbage-first heap   total 314368K, used 202947K [0x00000000d2800000, 0x0000000100000000)
  region size 1024K, 7 young (7168K), 7 survivors (7168K)
 Metaspace       used 136887K, committed 139328K, reserved 1179648K
  class space    used 18172K, committed 19392K, reserved 1048576K
}
Event: 34.417 GC heap before
{Heap before GC invocations=62 (full 0):
 garbage-first heap   total 314368K, used 283843K [0x00000000d2800000, 0x0000000100000000)
  region size 1024K, 87 young (89088K), 7 survivors (7168K)
 Metaspace       used 150904K, committed 153408K, reserved 1245184K
  class space    used 20381K, committed 21632K, reserved 1048576K
}
Event: 34.422 GC heap after
{Heap after GC invocations=63 (full 0):
 garbage-first heap   total 314368K, used 206428K [0x00000000d2800000, 0x0000000100000000)
  region size 1024K, 4 young (4096K), 4 survivors (4096K)
 Metaspace       used 150904K, committed 153408K, reserved 1245184K
  class space    used 20381K, committed 21632K, reserved 1048576K
}
Event: 34.664 GC heap before
{Heap before GC invocations=64 (full 0):
 garbage-first heap   total 358400K, used 297564K [0x00000000d2800000, 0x0000000100000000)
  region size 1024K, 86 young (88064K), 4 survivors (4096K)
 Metaspace       used 151213K, committed 153792K, reserved 1245184K
  class space    used 20390K, committed 21632K, reserved 1048576K
}
Event: 34.680 GC heap after
{Heap after GC invocations=65 (full 0):
 garbage-first heap   total 358400K, used 231424K [0x00000000d2800000, 0x0000000100000000)
  region size 1024K, 11 young (11264K), 11 survivors (11264K)
 Metaspace       used 151213K, committed 153792K, reserved 1245184K
  class space    used 20390K, committed 21632K, reserved 1048576K
}
Event: 35.496 GC heap before
{Heap before GC invocations=65 (full 0):
 garbage-first heap   total 358400K, used 326656K [0x00000000d2800000, 0x0000000100000000)
  region size 1024K, 97 young (99328K), 11 survivors (11264K)
 Metaspace       used 159516K, committed 162048K, reserved 1245184K
  class space    used 21259K, committed 22528K, reserved 1048576K
}
Event: 35.511 GC heap after
{Heap after GC invocations=66 (full 0):
 garbage-first heap   total 358400K, used 246913K [0x00000000d2800000, 0x0000000100000000)
  region size 1024K, 10 young (10240K), 10 survivors (10240K)
 Metaspace       used 159516K, committed 162048K, reserved 1245184K
  class space    used 21259K, committed 22528K, reserved 1048576K
}
Event: 36.298 GC heap before
{Heap before GC invocations=66 (full 0):
 garbage-first heap   total 358400K, used 326785K [0x00000000d2800000, 0x0000000100000000)
  region size 1024K, 88 young (90112K), 10 survivors (10240K)
 Metaspace       used 169840K, committed 172672K, reserved 1245184K
  class space    used 22451K, committed 23872K, reserved 1048576K
}
Event: 36.305 GC heap after
{Heap after GC invocations=67 (full 0):
 garbage-first heap   total 358400K, used 252008K [0x00000000d2800000, 0x0000000100000000)
  region size 1024K, 5 young (5120K), 5 survivors (5120K)
 Metaspace       used 169840K, committed 172672K, reserved 1245184K
  class space    used 22451K, committed 23872K, reserved 1048576K
}

