# JRE version: OpenJDK Runtime Environment (21.0.5) (build 21.0.5+-12932927-b750.29)
# Java VM: OpenJDK 64-Bit Server VM (21.0.5+-12932927-b750.29, mixed mode, tiered, compressed oops, compressed class ptrs, g1 gc, windows-amd64)
GC Precious Log:
 CardTable entry size: 512
 Card Set container configuration: InlinePtr #cards 5 size 8 Array Of Cards #cards 12 size 40 Howl #buckets 4 coarsen threshold 1843 Howl Bitmap #cards 512 size 80 coarsen threshold 460 Card regions per heap region 1 cards per card region 2048
 CPUs: 16 total, 16 available
 Memory: 7471M
 Large Page Support: Disabled
 NUMA Support: Disabled
 Compressed Oops: Enabled (32-bit)
 Heap Region Size: 1M
 Heap Min Capacity: 8M
 Heap Initial Capacity: 118M
 Heap Max Capacity: 2G
 Pre-touch: Disabled
 Parallel Workers: 13
 Concurrent Workers: 3
 Concurrent Refinement Workers: 13
 Periodic GC: Disabled
Heap:
 garbage-first heap   total 285696K, used 189440K [0x0000000080000000, 0x0000000100000000)
  region size 1024K, 10 young (10240K), 10 survivors (10240K)
 Metaspace       used 123950K, committed 126080K, reserved 1179648K
  class space    used 16825K, committed 17920K, reserved 1048576K
GC Heap History (20 events):
Event: 8.158 GC heap after
{Heap after GC invocations=35 (full 0):
 garbage-first heap   total 196608K, used 102509K [0x0000000080000000, 0x0000000100000000)
  region size 1024K, 7 young (7168K), 7 survivors (7168K)
 Metaspace       used 109520K, committed 111552K, reserved 1179648K
  class space    used 14896K, committed 15936K, reserved 1048576K
}
Event: 8.609 GC heap before
{Heap before GC invocations=35 (full 0):
 garbage-first heap   total 196608K, used 176237K [0x0000000080000000, 0x0000000100000000)
  region size 1024K, 79 young (80896K), 7 survivors (7168K)
 Metaspace       used 114413K, committed 116544K, reserved 1179648K
  class space    used 15605K, committed 16704K, reserved 1048576K
}
Event: 8.616 GC heap after
{Heap after GC invocations=36 (full 0):
 garbage-first heap   total 196608K, used 109479K [0x0000000080000000, 0x0000000100000000)
  region size 1024K, 10 young (10240K), 10 survivors (10240K)
 Metaspace       used 114413K, committed 116544K, reserved 1179648K
  class space    used 15605K, committed 16704K, reserved 1048576K
}
Event: 8.827 GC heap before
{Heap before GC invocations=36 (full 0):
 garbage-first heap   total 196608K, used 173991K [0x0000000080000000, 0x0000000100000000)
  region size 1024K, 74 young (75776K), 10 survivors (10240K)
 Metaspace       used 114663K, committed 116736K, reserved 1179648K
  class space    used 15638K, committed 16704K, reserved 1048576K
}
Event: 8.834 GC heap after
{Heap after GC invocations=37 (full 0):
 garbage-first heap   total 196608K, used 113071K [0x0000000080000000, 0x0000000100000000)
  region size 1024K, 6 young (6144K), 6 survivors (6144K)
 Metaspace       used 114663K, committed 116736K, reserved 1179648K
  class space    used 15638K, committed 16704K, reserved 1048576K
}
Event: 8.858 GC heap before
{Heap before GC invocations=37 (full 0):
 garbage-first heap   total 196608K, used 123311K [0x0000000080000000, 0x0000000100000000)
  region size 1024K, 18 young (18432K), 6 survivors (6144K)
 Metaspace       used 114839K, committed 116928K, reserved 1179648K
  class space    used 15665K, committed 16704K, reserved 1048576K
}
Event: 8.862 GC heap after
{Heap after GC invocations=38 (full 0):
 garbage-first heap   total 196608K, used 114086K [0x0000000080000000, 0x0000000100000000)
  region size 1024K, 7 young (7168K), 7 survivors (7168K)
 Metaspace       used 114839K, committed 116928K, reserved 1179648K
  class space    used 15665K, committed 16704K, reserved 1048576K
}
Event: 9.249 GC heap before
{Heap before GC invocations=39 (full 0):
 garbage-first heap   total 201728K, used 177574K [0x0000000080000000, 0x0000000100000000)
  region size 1024K, 65 young (66560K), 7 survivors (7168K)
 Metaspace       used 118583K, committed 120768K, reserved 1179648K
  class space    used 16008K, committed 17088K, reserved 1048576K
}
Event: 9.254 GC heap after
{Heap after GC invocations=40 (full 0):
 garbage-first heap   total 201728K, used 116922K [0x0000000080000000, 0x0000000100000000)
  region size 1024K, 7 young (7168K), 7 survivors (7168K)
 Metaspace       used 118583K, committed 120768K, reserved 1179648K
  class space    used 16008K, committed 17088K, reserved 1048576K
}
Event: 9.379 GC heap before
{Heap before GC invocations=40 (full 0):
 garbage-first heap   total 201728K, used 178362K [0x0000000080000000, 0x0000000100000000)
  region size 1024K, 68 young (69632K), 7 survivors (7168K)
 Metaspace       used 119385K, committed 121536K, reserved 1179648K
  class space    used 16131K, committed 17216K, reserved 1048576K
}
Event: 9.387 GC heap after
{Heap after GC invocations=41 (full 0):
 garbage-first heap   total 242688K, used 123052K [0x0000000080000000, 0x0000000100000000)
  region size 1024K, 9 young (9216K), 9 survivors (9216K)
 Metaspace       used 119385K, committed 121536K, reserved 1179648K
  class space    used 16131K, committed 17216K, reserved 1048576K
}
Event: 9.439 GC heap before
{Heap before GC invocations=41 (full 0):
 garbage-first heap   total 242688K, used 212140K [0x0000000080000000, 0x0000000100000000)
  region size 1024K, 95 young (97280K), 9 survivors (9216K)
 Metaspace       used 119682K, committed 121856K, reserved 1179648K
  class space    used 16166K, committed 17280K, reserved 1048576K
}
Event: 9.448 GC heap after
{Heap after GC invocations=42 (full 0):
 garbage-first heap   total 245760K, used 146786K [0x0000000080000000, 0x0000000100000000)
  region size 1024K, 12 young (12288K), 12 survivors (12288K)
 Metaspace       used 119682K, committed 121856K, reserved 1179648K
  class space    used 16166K, committed 17280K, reserved 1048576K
}
Event: 9.493 GC heap before
{Heap before GC invocations=42 (full 0):
 garbage-first heap   total 245760K, used 212322K [0x0000000080000000, 0x0000000100000000)
  region size 1024K, 77 young (78848K), 12 survivors (12288K)
 Metaspace       used 120169K, committed 122304K, reserved 1179648K
  class space    used 16236K, committed 17344K, reserved 1048576K
}
Event: 9.499 GC heap after
{Heap after GC invocations=43 (full 0):
 garbage-first heap   total 245760K, used 158720K [0x0000000080000000, 0x0000000100000000)
  region size 1024K, 10 young (10240K), 10 survivors (10240K)
 Metaspace       used 120169K, committed 122304K, reserved 1179648K
  class space    used 16236K, committed 17344K, reserved 1048576K
}
Event: 9.546 GC heap before
{Heap before GC invocations=43 (full 0):
 garbage-first heap   total 245760K, used 214016K [0x0000000080000000, 0x0000000100000000)
  region size 1024K, 65 young (66560K), 10 survivors (10240K)
 Metaspace       used 120544K, committed 122624K, reserved 1179648K
  class space    used 16286K, committed 17344K, reserved 1048576K
}
Event: 9.552 GC heap after
{Heap after GC invocations=44 (full 0):
 garbage-first heap   total 245760K, used 170344K [0x0000000080000000, 0x0000000100000000)
  region size 1024K, 9 young (9216K), 9 survivors (9216K)
 Metaspace       used 120544K, committed 122624K, reserved 1179648K
  class space    used 16286K, committed 17344K, reserved 1048576K
}
Event: 9.729 GC heap before
{Heap before GC invocations=45 (full 0):
 garbage-first heap   total 285696K, used 216424K [0x0000000080000000, 0x0000000100000000)
  region size 1024K, 55 young (56320K), 9 survivors (9216K)
 Metaspace       used 123829K, committed 125952K, reserved 1179648K
  class space    used 16820K, committed 17920K, reserved 1048576K
}
Event: 9.735 GC heap after
{Heap after GC invocations=46 (full 0):
 garbage-first heap   total 285696K, used 175387K [0x0000000080000000, 0x0000000100000000)
  region size 1024K, 7 young (7168K), 7 survivors (7168K)
 Metaspace       used 123829K, committed 125952K, reserved 1179648K
  class space    used 16820K, committed 17920K, reserved 1048576K
}
Event: 9.780 GC heap before
{Heap before GC invocations=46 (full 0):
 garbage-first heap   total 285696K, used 246043K [0x0000000080000000, 0x0000000100000000)
  region size 1024K, 77 young (78848K), 7 survivors (7168K)
 Metaspace       used 123950K, committed 126080K, reserved 1179648K
  class space    used 16825K, committed 17920K, reserved 1048576K
}

