# JRE version: OpenJDK Runtime Environment (17.0.2+8) (build 17.0.2+8-86)
# Java VM: OpenJDK 64-Bit Server VM (17.0.2+8-86, mixed mode, sharing, tiered, compressed oops, compressed class ptrs, g1 gc, windows-amd64)
GC Precious Log:
 CPUs: 16 total, 16 available
 Memory: 7471M
 Large Page Support: Disabled
 NUMA Support: Disabled
 Compressed Oops: Enabled (32-bit)
 Heap Region Size: 1M
 Heap Min Capacity: 8M
 Heap Initial Capacity: 118M
 Heap Max Capacity: 768M
 Pre-touch: Disabled
 Parallel Workers: 13
 Concurrent Workers: 3
 Concurrent Refinement Workers: 13
 Periodic GC: Disabled
Heap:
 garbage-first heap   total 390144K, used 274052K [0x00000000d0000000, 0x0000000100000000)
  region size 1024K, 20 young (20480K), 2 survivors (2048K)
 Metaspace       used 112378K, committed 113344K, reserved 1146880K
  class space    used 15257K, committed 15744K, reserved 1048576K
GC Heap History (20 events):
Event: 15.731 GC heap before
{Heap before GC invocations=67 (full 0):
 garbage-first heap   total 199680K, used 176884K [0x00000000d0000000, 0x0000000100000000)
  region size 1024K, 2 young (2048K), 1 survivors (1024K)
 Metaspace       used 107488K, committed 108352K, reserved 1146880K
  class space    used 14499K, committed 14912K, reserved 1048576K
}
Event: 15.732 GC heap after
{Heap after GC invocations=68 (full 0):
 garbage-first heap   total 199680K, used 176904K [0x00000000d0000000, 0x0000000100000000)
  region size 1024K, 1 young (1024K), 1 survivors (1024K)
 Metaspace       used 107488K, committed 108352K, reserved 1146880K
  class space    used 14499K, committed 14912K, reserved 1048576K
}
Event: 15.845 GC heap before
{Heap before GC invocations=69 (full 0):
 garbage-first heap   total 306176K, used 198408K [0x00000000d0000000, 0x0000000100000000)
  region size 1024K, 9 young (9216K), 1 survivors (1024K)
 Metaspace       used 107840K, committed 108736K, reserved 1146880K
  class space    used 14560K, committed 14976K, reserved 1048576K
}
Event: 15.848 GC heap after
{Heap after GC invocations=70 (full 0):
 garbage-first heap   total 306176K, used 195800K [0x00000000d0000000, 0x0000000100000000)
  region size 1024K, 2 young (2048K), 2 survivors (2048K)
 Metaspace       used 107840K, committed 108736K, reserved 1146880K
  class space    used 14560K, committed 14976K, reserved 1048576K
}
Event: 16.045 GC heap before
{Heap before GC invocations=70 (full 0):
 garbage-first heap   total 306176K, used 207064K [0x00000000d0000000, 0x0000000100000000)
  region size 1024K, 14 young (14336K), 2 survivors (2048K)
 Metaspace       used 109334K, committed 110208K, reserved 1146880K
  class space    used 14791K, committed 15232K, reserved 1048576K
}
Event: 16.048 GC heap after
{Heap after GC invocations=71 (full 0):
 garbage-first heap   total 306176K, used 167147K [0x00000000d0000000, 0x0000000100000000)
  region size 1024K, 1 young (1024K), 1 survivors (1024K)
 Metaspace       used 109334K, committed 110208K, reserved 1146880K
  class space    used 14791K, committed 15232K, reserved 1048576K
}
Event: 16.155 GC heap before
{Heap before GC invocations=71 (full 0):
 garbage-first heap   total 306176K, used 200939K [0x00000000d0000000, 0x0000000100000000)
  region size 1024K, 14 young (14336K), 1 survivors (1024K)
 Metaspace       used 110574K, committed 111488K, reserved 1146880K
  class space    used 14959K, committed 15424K, reserved 1048576K
}
Event: 16.157 GC heap after
{Heap after GC invocations=72 (full 0):
 garbage-first heap   total 306176K, used 174614K [0x00000000d0000000, 0x0000000100000000)
  region size 1024K, 2 young (2048K), 2 survivors (2048K)
 Metaspace       used 110574K, committed 111488K, reserved 1146880K
  class space    used 14959K, committed 15424K, reserved 1048576K
}
Event: 16.299 GC heap before
{Heap before GC invocations=72 (full 0):
 garbage-first heap   total 306176K, used 278038K [0x00000000d0000000, 0x0000000100000000)
  region size 1024K, 42 young (43008K), 2 survivors (2048K)
 Metaspace       used 110879K, committed 111744K, reserved 1146880K
  class space    used 14998K, committed 15424K, reserved 1048576K
}
Event: 16.306 GC heap after
{Heap after GC invocations=73 (full 0):
 garbage-first heap   total 306176K, used 211603K [0x00000000d0000000, 0x0000000100000000)
  region size 1024K, 6 young (6144K), 6 survivors (6144K)
 Metaspace       used 110879K, committed 111744K, reserved 1146880K
  class space    used 14998K, committed 15424K, reserved 1048576K
}
Event: 16.391 GC heap before
{Heap before GC invocations=73 (full 0):
 garbage-first heap   total 306176K, used 242323K [0x00000000d0000000, 0x0000000100000000)
  region size 1024K, 36 young (36864K), 6 survivors (6144K)
 Metaspace       used 110881K, committed 111744K, reserved 1146880K
  class space    used 14998K, committed 15424K, reserved 1048576K
}
Event: 16.401 GC heap after
{Heap after GC invocations=74 (full 0):
 garbage-first heap   total 306176K, used 224073K [0x00000000d0000000, 0x0000000100000000)
  region size 1024K, 5 young (5120K), 5 survivors (5120K)
 Metaspace       used 110881K, committed 111744K, reserved 1146880K
  class space    used 14998K, committed 15424K, reserved 1048576K
}
Event: 16.491 GC heap before
{Heap before GC invocations=74 (full 0):
 garbage-first heap   total 306176K, used 251721K [0x00000000d0000000, 0x0000000100000000)
  region size 1024K, 29 young (29696K), 5 survivors (5120K)
 Metaspace       used 110897K, committed 111808K, reserved 1146880K
  class space    used 14999K, committed 15424K, reserved 1048576K
}
Event: 16.503 GC heap after
{Heap after GC invocations=75 (full 0):
 garbage-first heap   total 306176K, used 237384K [0x00000000d0000000, 0x0000000100000000)
  region size 1024K, 4 young (4096K), 4 survivors (4096K)
 Metaspace       used 110897K, committed 111808K, reserved 1146880K
  class space    used 14999K, committed 15424K, reserved 1048576K
}
Event: 16.557 GC heap before
{Heap before GC invocations=75 (full 0):
 garbage-first heap   total 306176K, used 255816K [0x00000000d0000000, 0x0000000100000000)
  region size 1024K, 22 young (22528K), 4 survivors (4096K)
 Metaspace       used 110923K, committed 111872K, reserved 1146880K
  class space    used 15002K, committed 15424K, reserved 1048576K
}
Event: 16.565 GC heap after
{Heap after GC invocations=76 (full 0):
 garbage-first heap   total 306176K, used 244719K [0x00000000d0000000, 0x0000000100000000)
  region size 1024K, 3 young (3072K), 3 survivors (3072K)
 Metaspace       used 110923K, committed 111872K, reserved 1146880K
  class space    used 15002K, committed 15424K, reserved 1048576K
}
Event: 16.610 GC heap before
{Heap before GC invocations=76 (full 0):
 garbage-first heap   total 306176K, used 262127K [0x00000000d0000000, 0x0000000100000000)
  region size 1024K, 18 young (18432K), 3 survivors (3072K)
 Metaspace       used 110968K, committed 111872K, reserved 1146880K
  class space    used 15005K, committed 15424K, reserved 1048576K
}
Event: 16.618 GC heap after
{Heap after GC invocations=77 (full 0):
 garbage-first heap   total 306176K, used 254316K [0x00000000d0000000, 0x0000000100000000)
  region size 1024K, 3 young (3072K), 3 survivors (3072K)
 Metaspace       used 110968K, committed 111872K, reserved 1146880K
  class space    used 15005K, committed 15424K, reserved 1048576K
}
Event: 16.660 GC heap before
{Heap before GC invocations=77 (full 0):
 garbage-first heap   total 306176K, used 265580K [0x00000000d0000000, 0x0000000100000000)
  region size 1024K, 14 young (14336K), 3 survivors (3072K)
 Metaspace       used 111138K, committed 112128K, reserved 1146880K
  class space    used 15039K, committed 15552K, reserved 1048576K
}
Event: 16.667 GC heap after
{Heap after GC invocations=78 (full 0):
 garbage-first heap   total 390144K, used 258692K [0x00000000d0000000, 0x0000000100000000)
  region size 1024K, 2 young (2048K), 2 survivors (2048K)
 Metaspace       used 111138K, committed 112128K, reserved 1146880K
  class space    used 15039K, committed 15552K, reserved 1048576K
}

