# JRE version: OpenJDK Runtime Environment (21.0.5) (build 21.0.5+-12932927-b750.29)
# Java VM: OpenJDK 64-Bit Server VM (21.0.5+-12932927-b750.29, mixed mode, tiered, compressed oops, compressed class ptrs, g1 gc, windows-amd64)
GC Precious Log:
 CardTable entry size: 512
 Card Set container configuration: InlinePtr #cards 5 size 8 Array Of Cards #cards 12 size 40 Howl #buckets 4 coarsen threshold 1843 Howl Bitmap #cards 512 size 80 coarsen threshold 460 Card regions per heap region 1 cards per card region 2048
 CPUs: 16 total, 16 available
 Memory: 7471M
 Large Page Support: Disabled
 NUMA Support: Disabled
 Compressed Oops: Enabled (32-bit)
 Heap Region Size: 1M
 Heap Min Capacity: 8M
 Heap Initial Capacity: 118M
 Heap Max Capacity: 512M
 Pre-touch: Disabled
 Parallel Workers: 13
 Concurrent Workers: 3
 Concurrent Refinement Workers: 13
 Periodic GC: Disabled
Heap:
 garbage-first heap   total 203776K, used 132301K [0x00000000e0000000, 0x0000000100000000)
  region size 1024K, 7 young (7168K), 5 survivors (5120K)
 Metaspace       used 97016K, committed 99072K, reserved 1179648K
  class space    used 12960K, committed 14016K, reserved 1048576K
GC Heap History (20 events):
Event: 5.547 GC heap before
{Heap before GC invocations=25 (full 0):
 garbage-first heap   total 145408K, used 116973K [0x00000000e0000000, 0x0000000100000000)
  region size 1024K, 37 young (37888K), 6 survivors (6144K)
 Metaspace       used 72679K, committed 74496K, reserved 1114112K
  class space    used 9825K, committed 10688K, reserved 1048576K
}
Event: 5.551 GC heap after
{Heap after GC invocations=26 (full 0):
 garbage-first heap   total 145408K, used 88319K [0x00000000e0000000, 0x0000000100000000)
  region size 1024K, 4 young (4096K), 4 survivors (4096K)
 Metaspace       used 72679K, committed 74496K, reserved 1114112K
  class space    used 9825K, committed 10688K, reserved 1048576K
}
Event: 5.612 GC heap before
{Heap before GC invocations=26 (full 0):
 garbage-first heap   total 145408K, used 128255K [0x00000000e0000000, 0x0000000100000000)
  region size 1024K, 44 young (45056K), 4 survivors (4096K)
 Metaspace       used 72782K, committed 74496K, reserved 1114112K
  class space    used 9825K, committed 10688K, reserved 1048576K
}
Event: 5.614 GC heap after
{Heap after GC invocations=27 (full 0):
 garbage-first heap   total 145408K, used 88182K [0x00000000e0000000, 0x0000000100000000)
  region size 1024K, 4 young (4096K), 4 survivors (4096K)
 Metaspace       used 72782K, committed 74496K, reserved 1114112K
  class space    used 9825K, committed 10688K, reserved 1048576K
}
Event: 5.673 GC heap before
{Heap before GC invocations=27 (full 0):
 garbage-first heap   total 145408K, used 129142K [0x00000000e0000000, 0x0000000100000000)
  region size 1024K, 45 young (46080K), 4 survivors (4096K)
 Metaspace       used 72825K, committed 74624K, reserved 1114112K
  class space    used 9826K, committed 10688K, reserved 1048576K
}
Event: 5.676 GC heap after
{Heap after GC invocations=28 (full 0):
 garbage-first heap   total 145408K, used 89271K [0x00000000e0000000, 0x0000000100000000)
  region size 1024K, 5 young (5120K), 5 survivors (5120K)
 Metaspace       used 72825K, committed 74624K, reserved 1114112K
  class space    used 9826K, committed 10688K, reserved 1048576K
}
Event: 5.928 GC heap before
{Heap before GC invocations=29 (full 0):
 garbage-first heap   total 152576K, used 140471K [0x00000000e0000000, 0x0000000100000000)
  region size 1024K, 45 young (46080K), 5 survivors (5120K)
 Metaspace       used 73339K, committed 75072K, reserved 1114112K
  class space    used 9901K, committed 10752K, reserved 1048576K
}
Event: 5.931 GC heap after
{Heap after GC invocations=30 (full 0):
 garbage-first heap   total 152576K, used 106305K [0x00000000e0000000, 0x0000000100000000)
  region size 1024K, 6 young (6144K), 6 survivors (6144K)
 Metaspace       used 73339K, committed 75072K, reserved 1114112K
  class space    used 9901K, committed 10752K, reserved 1048576K
}
Event: 6.209 GC heap before
{Heap before GC invocations=30 (full 0):
 garbage-first heap   total 152576K, used 140097K [0x00000000e0000000, 0x0000000100000000)
  region size 1024K, 37 young (37888K), 6 survivors (6144K)
 Metaspace       used 75531K, committed 77376K, reserved 1179648K
  class space    used 10171K, committed 11072K, reserved 1048576K
}
Event: 6.212 GC heap after
{Heap after GC invocations=31 (full 0):
 garbage-first heap   total 153600K, used 110309K [0x00000000e0000000, 0x0000000100000000)
  region size 1024K, 4 young (4096K), 4 survivors (4096K)
 Metaspace       used 75531K, committed 77376K, reserved 1179648K
  class space    used 10171K, committed 11072K, reserved 1048576K
}
Event: 6.461 GC heap before
{Heap before GC invocations=31 (full 0):
 garbage-first heap   total 153600K, used 138981K [0x00000000e0000000, 0x0000000100000000)
  region size 1024K, 33 young (33792K), 4 survivors (4096K)
 Metaspace       used 78668K, committed 80512K, reserved 1179648K
  class space    used 10490K, committed 11392K, reserved 1048576K
}
Event: 6.463 GC heap after
{Heap after GC invocations=32 (full 0):
 garbage-first heap   total 153600K, used 110731K [0x00000000e0000000, 0x0000000100000000)
  region size 1024K, 1 young (1024K), 1 survivors (1024K)
 Metaspace       used 78668K, committed 80512K, reserved 1179648K
  class space    used 10490K, committed 11392K, reserved 1048576K
}
Event: 6.756 GC heap before
{Heap before GC invocations=33 (full 0):
 garbage-first heap   total 186368K, used 140427K [0x00000000e0000000, 0x0000000100000000)
  region size 1024K, 31 young (31744K), 1 survivors (1024K)
 Metaspace       used 82437K, committed 84288K, reserved 1179648K
  class space    used 11037K, committed 11968K, reserved 1048576K
}
Event: 6.759 GC heap after
{Heap after GC invocations=34 (full 0):
 garbage-first heap   total 186368K, used 112385K [0x00000000e0000000, 0x0000000100000000)
  region size 1024K, 3 young (3072K), 3 survivors (3072K)
 Metaspace       used 82437K, committed 84288K, reserved 1179648K
  class space    used 11037K, committed 11968K, reserved 1048576K
}
Event: 7.114 GC heap before
{Heap before GC invocations=34 (full 0):
 garbage-first heap   total 186368K, used 174849K [0x00000000e0000000, 0x0000000100000000)
  region size 1024K, 60 young (61440K), 3 survivors (3072K)
 Metaspace       used 85933K, committed 87936K, reserved 1179648K
  class space    used 11496K, committed 12480K, reserved 1048576K
}
Event: 7.119 GC heap after
{Heap after GC invocations=35 (full 0):
 garbage-first heap   total 187392K, used 118008K [0x00000000e0000000, 0x0000000100000000)
  region size 1024K, 8 young (8192K), 8 survivors (8192K)
 Metaspace       used 85933K, committed 87936K, reserved 1179648K
  class space    used 11496K, committed 12480K, reserved 1048576K
}
Event: 7.545 GC heap before
{Heap before GC invocations=35 (full 0):
 garbage-first heap   total 187392K, used 168184K [0x00000000e0000000, 0x0000000100000000)
  region size 1024K, 57 young (58368K), 8 survivors (8192K)
 Metaspace       used 91177K, committed 93184K, reserved 1179648K
  class space    used 12157K, committed 13184K, reserved 1048576K
}
Event: 7.550 GC heap after
{Heap after GC invocations=36 (full 0):
 garbage-first heap   total 187392K, used 120787K [0x00000000e0000000, 0x0000000100000000)
  region size 1024K, 3 young (3072K), 3 survivors (3072K)
 Metaspace       used 91177K, committed 93184K, reserved 1179648K
  class space    used 12157K, committed 13184K, reserved 1048576K
}
Event: 7.922 GC heap before
{Heap before GC invocations=37 (full 0):
 garbage-first heap   total 203776K, used 175059K [0x00000000e0000000, 0x0000000100000000)
  region size 1024K, 53 young (54272K), 3 survivors (3072K)
 Metaspace       used 93914K, committed 95936K, reserved 1179648K
  class space    used 12548K, committed 13568K, reserved 1048576K
}
Event: 7.927 GC heap after
{Heap after GC invocations=38 (full 0):
 garbage-first heap   total 203776K, used 128755K [0x00000000e0000000, 0x0000000100000000)
  region size 1024K, 7 young (7168K), 7 survivors (7168K)
 Metaspace       used 93914K, committed 95936K, reserved 1179648K
  class space    used 12548K, committed 13568K, reserved 1048576K
}

